2025-01-31 16:22:34,868 - INFO - API request successful for http://www.11millionacres.com page 1
2025-01-31 16:22:59,624 - INFO - API request successful for http://www.11millionacres.com page 1
2025-01-31 16:22:59,850 - INFO - Completed processing ...
2025-01-31 16:23:00,521 - INFO - API request successful for http://www.127energy.com page 1
2025-01-31 16:23:00,775 - INFO - Completed processing ...
2025-01-31 16:23:01,368 - INFO - API request successful for http://www.1876energy.com page 1
2025-01-31 16:23:01,517 - INFO - Completed processing ...
2025-01-31 16:23:04,015 - INFO - API request successful for http://www.1solar.com page 1
2025-01-31 16:23:04,276 - INFO - Completed processing ...
2025-01-31 16:23:04,955 - INFO - API request successful for http://www.1sourcesolar.com page 1
2025-01-31 16:23:05,181 - INFO - Completed processing ...
2025-01-31 16:26:49,371 - INFO - API request successful for http://www.11millionacres.com page 1
2025-01-31 16:26:49,596 - INFO - Completed processing ...
2025-01-31 16:26:50,260 - INFO - API request successful for http://www.127energy.com page 1
2025-01-31 16:26:50,511 - INFO - Completed processing ...
2025-01-31 16:26:51,500 - INFO - API request successful for http://www.1876energy.com page 1
2025-01-31 16:26:51,624 - INFO - Completed processing ...
2025-01-31 16:26:53,864 - INFO - API request successful for http://www.1solar.com page 1
2025-01-31 16:26:54,125 - INFO - Completed processing ...
2025-01-31 16:26:54,859 - INFO - API request successful for http://www.1sourcesolar.com page 1
2025-01-31 16:26:55,107 - INFO - Completed processing ...
2025-01-31 16:27:26,607 - INFO - API request successful for http://www.11millionacres.com page 1
2025-01-31 16:27:26,892 - INFO - Completed processing ...
2025-01-31 16:27:27,576 - INFO - API request successful for http://www.127energy.com page 1
2025-01-31 16:27:27,886 - INFO - Completed processing ...
2025-01-31 16:27:28,555 - INFO - API request successful for http://www.1876energy.com page 1
2025-01-31 16:27:28,679 - INFO - Completed processing ...
2025-01-31 16:27:30,427 - INFO - API request successful for http://www.1solar.com page 1
2025-01-31 16:27:30,687 - INFO - Completed processing ...
2025-01-31 16:27:31,502 - INFO - API request successful for http://www.1sourcesolar.com page 1
2025-01-31 16:27:31,997 - INFO - Completed processing ...
2025-01-31 16:57:09,136 - INFO - API request successful for http://www.11millionacres.com page 1
2025-01-31 16:57:09,400 - INFO - Completed processing ...
2025-01-31 16:57:10,068 - INFO - API request successful for http://www.127energy.com page 1
2025-01-31 16:57:10,631 - INFO - Completed processing ...
2025-01-31 16:57:11,218 - INFO - API request successful for http://www.1876energy.com page 1
2025-01-31 16:57:11,333 - INFO - Completed processing ...
2025-01-31 16:57:13,106 - INFO - API request successful for http://www.1solar.com page 1
2025-01-31 16:57:13,346 - INFO - Completed processing ...
2025-01-31 16:57:14,088 - INFO - API request successful for http://www.1sourcesolar.com page 1
2025-01-31 16:57:14,330 - INFO - Completed processing ...
2025-01-31 16:58:20,632 - INFO - API request successful for http://www.11millionacres.com page 1
2025-01-31 16:58:20,899 - INFO - Completed processing ...
2025-01-31 16:58:21,547 - INFO - API request successful for http://www.127energy.com page 1
2025-01-31 16:58:21,817 - INFO - Completed processing ...
2025-01-31 16:58:22,477 - INFO - API request successful for http://www.1876energy.com page 1
2025-01-31 16:58:22,610 - INFO - Completed processing ...
2025-01-31 16:58:24,444 - INFO - API request successful for http://www.1solar.com page 1
2025-01-31 16:58:24,701 - INFO - Completed processing ...
2025-01-31 16:58:25,444 - INFO - API request successful for http://www.1sourcesolar.com page 1
2025-01-31 16:58:25,692 - INFO - Completed processing ...
2025-01-31 17:00:50,000 - INFO - API request successful for http://www.11millionacres.com page 1
2025-01-31 17:00:50,249 - INFO - Completed processing ...
2025-01-31 17:00:50,946 - INFO - API request successful for http://www.127energy.com page 1
2025-01-31 17:00:51,219 - INFO - Completed processing ...
2025-01-31 17:00:51,807 - INFO - API request successful for http://www.1876energy.com page 1
2025-01-31 17:00:51,939 - INFO - Completed processing ...
2025-01-31 17:00:53,662 - INFO - API request successful for http://www.1solar.com page 1
2025-01-31 17:00:53,936 - INFO - Completed processing ...
2025-01-31 17:00:54,716 - INFO - API request successful for http://www.1sourcesolar.com page 1
2025-01-31 17:00:55,228 - INFO - Completed processing ...
2025-01-31 17:02:41,503 - INFO - API request successful for http://www.11millionacres.com page 1
2025-01-31 17:02:41,779 - INFO - Completed processing ...
2025-01-31 17:02:42,439 - INFO - API request successful for http://www.127energy.com page 1
2025-01-31 17:02:42,662 - INFO - Completed processing ...
2025-01-31 17:02:43,270 - INFO - API request successful for http://www.1876energy.com page 1
2025-01-31 17:02:43,415 - INFO - Completed processing ...
2025-01-31 17:02:45,087 - INFO - API request successful for http://www.1solar.com page 1
2025-01-31 17:02:45,351 - INFO - Completed processing ...
2025-01-31 17:02:46,086 - INFO - API request successful for http://www.1sourcesolar.com page 1
2025-01-31 17:02:46,372 - INFO - Completed processing ...
2025-01-31 17:03:42,102 - INFO - API request successful for http://www.11millionacres.com page 1
2025-01-31 17:03:42,391 - INFO - Completed processing ...
2025-01-31 17:03:43,087 - INFO - API request successful for http://www.127energy.com page 1
2025-01-31 17:03:43,393 - INFO - Completed processing ...
2025-01-31 17:06:30,733 - INFO - API request successful for http://www.11millionacres.com page 1
2025-01-31 17:06:30,981 - INFO - Completed processing ...
2025-01-31 17:06:31,664 - INFO - API request successful for http://www.127energy.com page 1
2025-01-31 17:06:31,937 - INFO - Completed processing ...
2025-01-31 17:07:48,079 - INFO - API request successful for http://www.11millionacres.com page 1
2025-01-31 17:07:48,336 - INFO - Completed processing ...
2025-01-31 17:07:49,015 - INFO - API request successful for http://www.127energy.com page 1
2025-01-31 17:07:49,287 - INFO - Completed processing ...
2025-01-31 17:09:23,121 - INFO - API request successful for http://www.11millionacres.com page 1
2025-01-31 17:09:23,392 - INFO - Completed processing ...
2025-01-31 17:09:24,025 - INFO - API request successful for http://www.127energy.com page 1
2025-01-31 17:09:24,289 - INFO - Completed processing ...
