2025-03-26 21:30:08,439 - INFO - Starting process
2025-03-26 21:35:52,733 - INFO - Daily API limit reached stopping execution
2025-03-26 21:35:52,733 - INFO - Completed processing ...
2025-03-26 23:00:10,676 - INFO - Starting process
2025-03-26 23:03:51,427 - INFO - Hourly API limit reached stopping execution
2025-03-26 23:03:51,427 - INFO - Completed processing ...
2025-03-27 01:30:11,901 - INFO - Starting process
2025-03-27 01:33:45,101 - INFO - Hourly API limit reached stopping execution
2025-03-27 01:33:45,101 - INFO - Completed processing ...
2025-03-27 03:00:09,359 - INFO - Starting process
2025-03-27 03:03:46,717 - INFO - Hourly API limit reached stopping execution
2025-03-27 03:03:46,717 - INFO - Completed processing ...
2025-03-27 04:53:49,157 - INFO - Starting process
2025-03-27 04:57:21,054 - INFO - Hourly API limit reached stopping execution
2025-03-27 04:57:21,054 - INFO - Completed processing ...
2025-03-27 06:05:13,452 - INFO - Starting process
2025-03-27 06:08:51,658 - INFO - Hourly API limit reached stopping execution
2025-03-27 06:08:51,658 - INFO - Completed processing ...
2025-03-27 07:27:20,604 - INFO - Starting process
2025-03-27 07:31:30,342 - INFO - Hourly API limit reached stopping execution
2025-03-27 07:31:30,342 - INFO - Completed processing ...

2025-03-27 09:01:35,123 - INFO - Starting process
2025-03-27 09:05:30,576 - INFO - Hourly API limit reached stopping execution
2025-03-27 09:05:30,576 - INFO - Completed processing ...
2025-03-27 19:00:11,697 - INFO - Starting process
2025-03-27 19:00:12,544 - INFO - Daily API limit reached stopping execution
2025-03-27 19:00:12,544 - INFO - Completed processing ...
2025-03-27 21:30:08,533 - INFO - Starting process
2025-03-27 21:30:09,156 - INFO - Daily API limit reached stopping execution
2025-03-27 21:30:09,156 - INFO - Completed processing ...
2025-03-27 23:00:11,053 - INFO - Starting process
2025-03-27 23:00:11,854 - INFO - Daily API limit reached stopping execution
2025-03-27 23:00:11,854 - INFO - Completed processing ...
2025-03-28 19:00:11,388 - INFO - Starting process
2025-03-28 19:03:52,757 - INFO - Hourly API limit reached stopping execution
2025-03-28 19:03:52,757 - INFO - Completed processing ...
2025-03-29 19:00:11,462 - INFO - Starting process
2025-03-29 19:03:46,504 - INFO - Hourly API limit reached stopping execution
2025-03-29 19:03:46,504 - INFO - Completed processing ...
2025-03-29 21:30:08,568 - INFO - Starting process
2025-03-29 21:33:40,616 - INFO - Hourly API limit reached stopping execution
2025-03-29 21:33:40,616 - INFO - Completed processing ...
2025-03-29 23:00:11,360 - INFO - Starting process
2025-03-29 23:03:41,846 - INFO - Hourly API limit reached stopping execution
2025-03-29 23:03:41,846 - INFO - Completed processing ...
2025-03-30 01:30:08,526 - INFO - Starting process
2025-03-30 01:33:43,210 - INFO - Hourly API limit reached stopping execution
2025-03-30 01:33:43,210 - INFO - Completed processing ...
2025-03-30 19:00:11,384 - INFO - Starting process
2025-03-30 19:04:06,310 - INFO - Hourly API limit reached stopping execution
2025-03-30 19:04:06,310 - INFO - Completed processing ...
2025-03-30 21:30:08,443 - INFO - Starting process
2025-03-30 21:33:58,425 - INFO - Hourly API limit reached stopping execution
2025-03-30 21:33:58,425 - INFO - Completed processing ...
2025-03-30 23:00:11,352 - INFO - Starting process
2025-03-30 23:03:58,669 - INFO - Hourly API limit reached stopping execution
2025-03-30 23:03:58,669 - INFO - Completed processing ...
2025-03-31 01:30:08,978 - INFO - Starting process
2025-03-31 01:33:51,284 - INFO - Hourly API limit reached stopping execution
2025-03-31 01:33:51,284 - INFO - Completed processing ...
2025-03-31 19:00:11,698 - INFO - Starting process
2025-03-31 19:03:46,531 - INFO - Hourly API limit reached stopping execution
2025-03-31 19:03:46,531 - INFO - Completed processing ...
2025-03-31 21:30:11,379 - INFO - Starting process
2025-03-31 21:33:44,375 - INFO - Hourly API limit reached stopping execution
2025-03-31 21:33:44,375 - INFO - Completed processing ...
2025-03-31 23:00:08,800 - INFO - Starting process
2025-03-31 23:03:46,939 - INFO - Hourly API limit reached stopping execution
2025-03-31 23:03:46,939 - INFO - Completed processing ...
2025-04-01 01:30:08,892 - INFO - Starting process
2025-04-01 01:33:49,896 - INFO - Hourly API limit reached stopping execution
2025-04-01 01:33:49,896 - INFO - Completed processing ...
2025-04-01 03:00:08,348 - INFO - Starting process
2025-04-01 03:03:57,102 - INFO - Hourly API limit reached stopping execution
2025-04-01 03:03:57,102 - INFO - Completed processing ...
2025-04-01 07:53:29,506 - INFO - Starting process
2025-04-01 07:53:34,896 - INFO - Daily API limit reached stopping execution
2025-04-01 07:53:34,896 - INFO - Completed processing ...
2025-04-01 19:00:09,194 - INFO - Starting process
2025-04-01 19:00:09,868 - INFO - Daily API limit reached stopping execution
2025-04-01 19:00:09,868 - INFO - Completed processing ...
2025-04-01 21:30:11,878 - INFO - Starting process
2025-04-01 21:33:48,284 - INFO - Hourly API limit reached stopping execution
2025-04-01 21:33:48,284 - INFO - Completed processing ...
2025-04-01 23:00:09,423 - INFO - Starting process
2025-04-01 23:03:53,105 - INFO - Hourly API limit reached stopping execution
2025-04-01 23:03:53,105 - INFO - Completed processing ...
2025-04-02 01:30:08,754 - INFO - Starting process
2025-04-02 01:33:44,563 - INFO - Hourly API limit reached stopping execution
2025-04-02 01:33:44,563 - INFO - Completed processing ...
2025-04-02 03:00:08,846 - INFO - Starting process
2025-04-02 03:04:05,138 - INFO - Daily API limit reached stopping execution
2025-04-02 03:04:05,138 - INFO - Completed processing ...
2025-04-02 19:00:11,695 - INFO - Starting process
2025-04-02 19:07:18,159 - INFO - Hourly API limit reached stopping execution
2025-04-02 19:07:18,159 - INFO - Completed processing ...
2025-04-02 21:30:11,543 - INFO - Starting process
2025-04-02 21:37:10,112 - INFO - Daily API limit reached stopping execution
2025-04-02 21:37:10,112 - INFO - Completed processing ...
2025-04-02 23:00:09,239 - INFO - Starting process
2025-04-02 23:00:21,637 - INFO - Daily API limit reached stopping execution
2025-04-02 23:00:21,637 - INFO - Completed processing ...
2025-04-03 01:30:08,984 - INFO - Starting process
2025-04-03 01:30:21,234 - INFO - Daily API limit reached stopping execution
2025-04-03 01:30:21,234 - INFO - Completed processing ...
2025-04-03 03:00:08,917 - INFO - Starting process
2025-04-03 03:00:21,212 - INFO - Daily API limit reached stopping execution
2025-04-03 03:00:21,212 - INFO - Completed processing ...
2025-04-03 19:00:09,228 - INFO - Starting process
2025-04-03 19:00:21,578 - INFO - Daily API limit reached stopping execution
2025-04-03 19:00:21,578 - INFO - Completed processing ...
2025-04-03 21:30:11,312 - INFO - Starting process
2025-04-03 21:30:23,661 - INFO - Daily API limit reached stopping execution
2025-04-03 21:30:23,661 - INFO - Completed processing ...
2025-04-03 23:00:09,034 - INFO - Starting process
2025-04-03 23:00:21,301 - INFO - Daily API limit reached stopping execution
2025-04-03 23:00:21,301 - INFO - Completed processing ...
2025-04-04 01:30:08,651 - INFO - Starting process
2025-04-04 01:30:20,859 - INFO - Daily API limit reached stopping execution
2025-04-04 01:30:20,859 - INFO - Completed processing ...
2025-04-04 03:00:08,617 - INFO - Starting process
2025-04-04 03:06:55,971 - INFO - Hourly API limit reached stopping execution
2025-04-04 03:06:55,971 - INFO - Completed processing ...
2025-04-04 04:57:50,726 - INFO - Starting process
2025-04-04 05:02:22,634 - INFO - Hourly API limit reached stopping execution
2025-04-04 05:02:22,635 - INFO - Completed processing ...
2025-04-06 19:00:11,505 - INFO - Starting process
2025-04-06 19:04:03,929 - INFO - Hourly API limit reached stopping execution
2025-04-06 19:04:03,939 - INFO - Completed processing ...
2025-04-06 21:30:11,437 - INFO - Starting process
2025-04-06 21:33:54,442 - INFO - Hourly API limit reached stopping execution
2025-04-06 21:33:54,442 - INFO - Completed processing ...
2025-04-06 23:00:11,438 - INFO - Starting process
2025-04-06 23:05:02,667 - INFO - Hourly API limit reached stopping execution
2025-04-06 23:05:02,667 - INFO - Completed processing ...
2025-04-07 01:30:09,258 - INFO - Starting process
2025-04-07 01:30:22,240 - INFO - Daily API limit reached stopping execution
2025-04-07 01:30:22,240 - INFO - Completed processing ...
2025-04-07 03:00:09,243 - INFO - Starting process
2025-04-07 03:04:08,707 - INFO - Hourly API limit reached stopping execution
2025-04-07 03:04:08,707 - INFO - Completed processing ...
2025-04-07 05:53:58,066 - INFO - Starting process
2025-04-07 05:57:53,329 - INFO - Daily API limit reached stopping execution
2025-04-07 05:57:53,329 - INFO - Completed processing ...
2025-04-07 19:00:12,236 - INFO - Starting process
2025-04-07 19:00:13,190 - INFO - Daily API limit reached stopping execution
2025-04-07 19:00:13,190 - INFO - Completed processing ...
2025-04-07 21:30:11,484 - INFO - Starting process
2025-04-07 21:34:00,912 - INFO - Hourly API limit reached stopping execution
2025-04-07 21:34:00,912 - INFO - Completed processing ...
2025-04-07 23:00:11,610 - INFO - Starting process
2025-04-07 23:03:55,986 - INFO - Hourly API limit reached stopping execution
2025-04-07 23:03:55,991 - INFO - Completed processing ...
2025-04-08 01:30:09,330 - INFO - Starting process
2025-04-08 01:34:06,436 - INFO - Hourly API limit reached stopping execution
2025-04-08 01:34:06,436 - INFO - Completed processing ...
2025-04-08 03:00:09,310 - INFO - Starting process
2025-04-08 03:03:53,827 - INFO - Hourly API limit reached stopping execution
2025-04-08 03:03:53,827 - INFO - Completed processing ...
2025-04-08 13:37:23,161 - INFO - Starting process
2025-04-08 13:38:22,355 - INFO - Starting process
2025-04-08 13:44:15,308 - INFO - Starting process
2025-04-08 19:00:12,308 - INFO - Starting process
2025-04-08 19:01:57,230 - INFO - Daily API limit reached stopping execution
2025-04-08 19:01:57,230 - INFO - Completed processing ...
2025-04-08 21:30:11,988 - INFO - Starting process
2025-04-08 21:30:12,866 - INFO - Daily API limit reached stopping execution
2025-04-08 21:30:12,866 - INFO - Completed processing ...
2025-04-08 23:00:09,978 - INFO - Starting process
2025-04-08 23:05:34,025 - INFO - Hourly API limit reached stopping execution
2025-04-08 23:05:34,028 - INFO - Completed processing ...
2025-04-09 19:00:12,367 - INFO - Starting process
2025-04-09 19:04:48,373 - INFO - Hourly API limit reached stopping execution
2025-04-09 19:04:48,373 - INFO - Completed processing ...
2025-04-09 21:30:12,003 - INFO - Starting process
2025-04-09 21:37:25,978 - INFO - Hourly API limit reached stopping execution
2025-04-09 21:37:25,978 - INFO - Completed processing ...
2025-04-09 23:00:10,053 - INFO - Starting process
2025-04-09 23:04:17,489 - INFO - Daily API limit reached stopping execution
2025-04-09 23:04:17,489 - INFO - Completed processing ...
2025-04-10 01:30:11,836 - INFO - Starting process
2025-04-10 01:34:18,438 - INFO - Hourly API limit reached stopping execution
2025-04-10 01:34:18,438 - INFO - Completed processing ...
2025-04-10 03:00:09,275 - INFO - Starting process
2025-04-10 03:04:54,464 - INFO - Hourly API limit reached stopping execution
2025-04-10 03:04:54,464 - INFO - Completed processing ...
2025-04-10 19:00:12,235 - INFO - Starting process
2025-04-10 19:04:24,566 - INFO - Hourly API limit reached stopping execution
2025-04-10 19:04:24,566 - INFO - Completed processing ...
2025-04-10 21:30:09,075 - INFO - Starting process
2025-04-10 21:34:41,183 - INFO - Daily API limit reached stopping execution
2025-04-10 21:34:41,183 - INFO - Completed processing ...
2025-04-10 23:00:08,455 - INFO - Starting process
2025-04-10 23:00:09,157 - INFO - Daily API limit reached stopping execution
2025-04-10 23:00:09,157 - INFO - Completed processing ...
2025-04-11 01:30:10,891 - INFO - Starting process
2025-04-11 01:34:12,204 - INFO - Hourly API limit reached stopping execution
2025-04-11 01:34:12,204 - INFO - Completed processing ...
2025-04-11 03:00:08,418 - INFO - Starting process
2025-04-11 03:04:11,919 - INFO - Hourly API limit reached stopping execution
2025-04-11 03:04:11,919 - INFO - Completed processing ...
2025-04-11 19:00:11,217 - INFO - Starting process
2025-04-11 19:04:15,049 - INFO - Daily API limit reached stopping execution
2025-04-11 19:04:15,049 - INFO - Completed processing ...
2025-04-11 21:30:08,421 - INFO - Starting process
2025-04-11 21:38:06,450 - INFO - Hourly API limit reached stopping execution
2025-04-11 21:38:06,450 - INFO - Completed processing ...
2025-04-11 23:00:08,573 - INFO - Starting process
2025-04-11 23:07:07,492 - INFO - Daily API limit reached stopping execution
2025-04-11 23:07:07,492 - INFO - Completed processing ...
2025-04-12 01:30:10,692 - INFO - Starting process
2025-04-12 01:30:11,518 - INFO - Daily API limit reached stopping execution
2025-04-12 01:30:11,518 - INFO - Completed processing ...
2025-04-12 03:00:10,835 - INFO - Starting process
2025-04-12 03:09:10,720 - INFO - Daily API limit reached stopping execution
2025-04-12 03:09:10,720 - INFO - Completed processing ...
2025-04-12 19:00:12,037 - INFO - Starting process
2025-04-12 19:08:08,816 - INFO - Daily API limit reached stopping execution
2025-04-12 19:08:08,816 - INFO - Completed processing ...
2025-04-12 21:30:09,930 - INFO - Starting process
2025-04-12 21:36:30,956 - INFO - Hourly API limit reached stopping execution
2025-04-12 21:36:30,956 - INFO - Completed processing ...
2025-04-12 23:00:09,049 - INFO - Starting process
2025-04-12 23:04:09,646 - INFO - Hourly API limit reached stopping execution
2025-04-12 23:04:09,646 - INFO - Completed processing ...
2025-04-13 01:30:11,449 - INFO - Starting process
2025-04-13 01:34:40,284 - INFO - Daily API limit reached stopping execution
2025-04-13 01:34:40,284 - INFO - Completed processing ...
2025-04-13 03:00:09,022 - INFO - Starting process
2025-04-13 03:00:10,356 - INFO - Daily API limit reached stopping execution
2025-04-13 03:00:10,356 - INFO - Completed processing ...
2025-04-13 19:00:12,067 - INFO - Starting process
2025-04-13 19:05:18,966 - INFO - Hourly API limit reached stopping execution
2025-04-13 19:05:18,966 - INFO - Completed processing ...
2025-04-13 21:30:09,095 - INFO - Starting process
2025-04-13 21:34:03,259 - INFO - Hourly API limit reached stopping execution
2025-04-13 21:34:03,275 - INFO - Completed processing ...
2025-04-13 23:00:09,068 - INFO - Starting process
2025-04-13 23:04:06,770 - INFO - Hourly API limit reached stopping execution
2025-04-13 23:04:06,770 - INFO - Completed processing ...
2025-04-14 01:30:11,409 - INFO - Starting process
2025-04-14 01:33:54,572 - INFO - Hourly API limit reached stopping execution
2025-04-14 01:33:54,572 - INFO - Completed processing ...
2025-04-14 03:00:09,736 - INFO - Starting process
2025-04-14 03:06:10,367 - INFO - Hourly API limit reached stopping execution
2025-04-14 03:06:10,367 - INFO - Completed processing ...
2025-04-14 19:00:12,722 - INFO - Starting process
2025-04-14 19:05:42,129 - INFO - Hourly API limit reached stopping execution
2025-04-14 19:05:42,129 - INFO - Completed processing ...
2025-04-14 21:30:11,586 - INFO - Starting process
2025-04-14 21:34:25,591 - INFO - Hourly API limit reached stopping execution
2025-04-14 21:34:25,591 - INFO - Completed processing ...
2025-04-14 23:00:09,218 - INFO - Starting process
2025-04-14 23:04:36,173 - INFO - Hourly API limit reached stopping execution
2025-04-14 23:04:36,173 - INFO - Completed processing ...
2025-04-15 01:30:09,262 - INFO - Starting process
2025-04-15 01:35:39,789 - INFO - Daily API limit reached stopping execution
2025-04-15 01:35:39,789 - INFO - Completed processing ...
2025-04-15 03:00:09,316 - INFO - Starting process
2025-04-15 03:04:30,341 - INFO - Hourly API limit reached stopping execution
2025-04-15 03:04:30,341 - INFO - Completed processing ...
2025-04-15 19:00:12,922 - INFO - Starting process
2025-04-15 19:04:46,081 - INFO - Hourly API limit reached stopping execution
2025-04-15 19:04:46,082 - INFO - Completed processing ...
2025-04-15 21:30:13,451 - INFO - Starting process
2025-04-15 21:34:01,460 - INFO - Hourly API limit reached stopping execution
2025-04-15 21:34:01,460 - INFO - Completed processing ...
2025-04-15 23:00:09,754 - INFO - Starting process
2025-04-15 23:04:23,365 - INFO - Hourly API limit reached stopping execution
2025-04-15 23:04:23,365 - INFO - Completed processing ...
2025-04-16 01:30:13,017 - INFO - Starting process
2025-04-16 01:36:02,095 - INFO - Hourly API limit reached stopping execution
2025-04-16 01:36:02,097 - INFO - Completed processing ...
2025-04-16 03:00:09,275 - INFO - Starting process
2025-04-16 03:04:25,249 - INFO - Hourly API limit reached stopping execution
2025-04-16 03:04:25,249 - INFO - Completed processing ...
2025-04-16 19:00:13,229 - INFO - Starting process
2025-04-16 19:00:14,194 - INFO - Daily API limit reached stopping execution
2025-04-16 19:00:14,194 - INFO - Completed processing ...
2025-04-16 21:30:10,800 - INFO - Starting process
2025-04-16 21:34:09,713 - INFO - Hourly API limit reached stopping execution
2025-04-16 21:34:09,713 - INFO - Completed processing ...
2025-04-16 23:00:13,318 - INFO - Starting process
2025-04-16 23:04:01,930 - INFO - Hourly API limit reached stopping execution
2025-04-16 23:04:01,930 - INFO - Completed processing ...
2025-04-17 01:30:12,441 - INFO - Starting process
2025-04-17 01:36:25,309 - INFO - Hourly API limit reached stopping execution
2025-04-17 01:36:25,309 - INFO - Completed processing ...
2025-04-17 03:00:09,210 - INFO - Starting process
2025-04-17 03:04:38,608 - INFO - Hourly API limit reached stopping execution
2025-04-17 03:04:38,624 - INFO - Completed processing ...
2025-04-17 19:00:12,859 - INFO - Starting process
2025-04-17 19:00:25,317 - INFO - Daily API limit reached stopping execution
2025-04-17 19:00:25,317 - INFO - Completed processing ...
2025-04-17 21:30:10,621 - INFO - Starting process
2025-04-17 21:37:21,577 - INFO - Hourly API limit reached stopping execution
2025-04-17 21:37:21,583 - INFO - Completed processing ...
2025-04-17 23:00:09,156 - INFO - Starting process
2025-04-17 23:07:09,867 - INFO - Hourly API limit reached stopping execution
2025-04-17 23:07:09,867 - INFO - Completed processing ...
2025-04-18 01:30:12,593 - INFO - Starting process
2025-04-18 01:33:58,471 - INFO - Completed processing ...
2025-04-18 03:00:09,141 - INFO - Starting process
2025-04-18 03:00:09,283 - INFO - Completed processing ...
2025-04-18 19:00:12,445 - INFO - Starting process
2025-04-18 19:00:12,710 - INFO - Completed processing ...
2025-04-18 21:30:09,096 - INFO - Starting process
2025-04-18 21:30:09,218 - INFO - Completed processing ...
2025-04-18 23:00:43,155 - INFO - Starting process
2025-04-18 23:00:43,366 - INFO - Completed processing ...
2025-04-19 01:30:12,100 - INFO - Starting process
2025-04-19 01:30:12,311 - INFO - Completed processing ...
2025-04-19 03:00:08,935 - INFO - Starting process
2025-04-19 03:00:09,041 - INFO - Completed processing ...
2025-04-19 19:00:11,394 - INFO - Starting process
2025-04-19 19:00:11,612 - INFO - Completed processing ...
2025-04-19 21:30:09,172 - INFO - Starting process
2025-04-19 21:30:09,353 - INFO - Completed processing ...
2025-04-19 23:00:09,128 - INFO - Starting process
2025-04-19 23:00:09,280 - INFO - Completed processing ...
2025-04-20 01:30:11,019 - INFO - Starting process
2025-04-20 01:30:11,218 - INFO - Completed processing ...
2025-04-20 03:00:08,519 - INFO - Starting process
2025-04-20 03:00:08,653 - INFO - Completed processing ...
2025-04-20 19:00:11,271 - INFO - Starting process
2025-04-20 19:00:11,501 - INFO - Completed processing ...
2025-04-20 21:30:08,625 - INFO - Starting process
2025-04-20 21:30:08,717 - INFO - Completed processing ...
2025-04-20 23:00:08,587 - INFO - Starting process
2025-04-20 23:00:08,732 - INFO - Completed processing ...
2025-04-21 01:30:11,531 - INFO - Starting process
2025-04-21 01:30:11,728 - INFO - Completed processing ...
2025-04-21 03:00:08,943 - INFO - Starting process
2025-04-21 03:00:09,093 - INFO - Completed processing ...
2025-04-21 04:38:30,250 - INFO - Starting process
2025-04-21 04:38:30,436 - INFO - Completed processing ...
2025-04-21 06:03:57,468 - INFO - Starting process
2025-04-21 06:03:57,642 - INFO - Completed processing ...
2025-04-21 19:00:11,691 - INFO - Starting process
2025-04-21 19:00:11,855 - INFO - Completed processing ...
2025-04-21 21:30:09,174 - INFO - Starting process
2025-04-21 21:30:09,338 - INFO - Completed processing ...
2025-04-21 23:00:08,597 - INFO - Starting process
2025-04-21 23:00:08,735 - INFO - Completed processing ...
2025-04-22 01:30:11,303 - INFO - Starting process
2025-04-22 01:30:11,495 - INFO - Completed processing ...
2025-04-22 03:00:08,630 - INFO - Starting process
2025-04-22 03:00:08,765 - INFO - Completed processing ...
2025-04-22 15:08:07,221 - INFO - Starting process
2025-04-22 15:08:07,423 - INFO - Completed processing ...
2025-04-22 15:09:42,603 - INFO - Starting process
2025-04-22 15:09:42,806 - INFO - Completed processing ...
2025-04-22 19:00:12,230 - INFO - Starting process
2025-04-22 19:00:12,451 - INFO - Completed processing ...
2025-04-22 21:30:09,813 - INFO - Starting process
2025-04-22 21:30:09,930 - INFO - Completed processing ...
2025-04-22 23:00:09,307 - INFO - Starting process
2025-04-22 23:00:09,481 - INFO - Completed processing ...
2025-04-23 01:30:09,339 - INFO - Starting process
2025-04-23 01:30:09,495 - INFO - Completed processing ...
2025-04-23 03:00:09,259 - INFO - Starting process
2025-04-23 03:00:09,428 - INFO - Completed processing ...
2025-04-23 19:00:11,873 - INFO - Starting process
2025-04-23 21:30:11,937 - INFO - Starting process
2025-04-23 23:00:09,554 - INFO - Starting process
2025-04-24 01:30:09,285 - INFO - Starting process
2025-04-24 03:00:09,322 - INFO - Starting process
2025-04-24 19:00:11,885 - INFO - Starting process
2025-04-24 19:00:12,246 - INFO - Completed processing ...
2025-04-24 21:30:08,687 - INFO - Starting process
2025-04-24 21:30:08,766 - INFO - Completed processing ...
2025-04-24 23:00:11,092 - INFO - Starting process
2025-04-24 23:00:11,352 - INFO - Completed processing ...
2025-04-25 01:30:08,621 - INFO - Starting process
2025-04-25 01:30:08,791 - INFO - Completed processing ...
2025-04-25 03:00:08,642 - INFO - Starting process
2025-04-25 03:00:08,815 - INFO - Completed processing ...
2025-04-25 19:00:11,652 - INFO - Starting process
2025-04-25 19:00:11,895 - INFO - Completed processing ...
2025-04-25 21:30:08,400 - INFO - Starting process
2025-04-25 21:30:08,555 - INFO - Completed processing ...
2025-04-25 23:00:08,356 - INFO - Starting process
2025-04-25 23:00:08,504 - INFO - Completed processing ...
2025-04-26 01:30:08,405 - INFO - Starting process
2025-04-26 01:30:08,518 - INFO - Completed processing ...
2025-04-26 03:00:08,371 - INFO - Starting process
2025-04-26 03:00:08,527 - INFO - Completed processing ...
2025-04-26 19:00:11,651 - INFO - Starting process
2025-04-26 19:00:11,948 - INFO - Completed processing ...
2025-04-26 21:30:08,458 - INFO - Starting process
2025-04-26 21:30:08,586 - INFO - Completed processing ...
2025-04-26 23:00:09,025 - INFO - Starting process
2025-04-26 23:00:09,210 - INFO - Completed processing ...
2025-04-27 01:30:08,401 - INFO - Starting process
2025-04-27 01:30:08,542 - INFO - Completed processing ...
2025-04-27 03:00:08,382 - INFO - Starting process
2025-04-27 03:00:08,522 - INFO - Completed processing ...
2025-04-27 19:00:11,548 - INFO - Starting process
2025-04-27 19:00:11,754 - INFO - Completed processing ...
2025-04-27 21:30:09,018 - INFO - Starting process
2025-04-27 21:30:09,247 - INFO - Completed processing ...
2025-04-27 23:00:08,421 - INFO - Starting process
2025-04-27 23:00:08,564 - INFO - Completed processing ...
2025-04-28 01:30:08,390 - INFO - Starting process
2025-04-28 01:30:08,536 - INFO - Completed processing ...
2025-04-28 03:00:08,840 - INFO - Starting process
2025-04-28 19:00:12,124 - INFO - Starting process
2025-04-28 19:00:12,457 - INFO - Completed processing ...
2025-04-28 21:30:08,947 - INFO - Starting process
2025-04-28 21:30:09,099 - INFO - Completed processing ...
2025-04-28 23:00:09,769 - INFO - Starting process
2025-04-28 23:00:10,003 - INFO - Completed processing ...
2025-04-29 01:30:11,629 - INFO - Starting process
2025-04-29 01:30:11,797 - INFO - Completed processing ...
2025-04-29 03:00:11,689 - INFO - Starting process
2025-04-29 03:00:11,956 - INFO - Completed processing ...
2025-04-29 12:53:10,999 - INFO - Starting process
2025-04-29 12:53:11,225 - INFO - Completed processing ...
2025-04-29 19:00:09,870 - INFO - Starting process
2025-04-29 19:00:10,051 - INFO - Completed processing ...
2025-04-29 21:30:09,098 - INFO - Starting process
2025-04-29 21:30:09,213 - INFO - Completed processing ...
2025-04-29 23:00:09,034 - INFO - Starting process
2025-04-29 23:00:09,156 - INFO - Completed processing ...
2025-04-30 01:30:12,103 - INFO - Starting process
2025-04-30 01:30:12,300 - INFO - Completed processing ...
2025-04-30 03:00:09,080 - INFO - Starting process
2025-04-30 03:00:09,181 - INFO - Completed processing ...
2025-04-30 19:00:11,978 - INFO - Starting process
2025-04-30 19:00:12,234 - INFO - Completed processing ...
2025-04-30 21:30:09,318 - INFO - Starting process
2025-04-30 21:30:09,469 - INFO - Completed processing ...
2025-04-30 23:00:08,555 - INFO - Starting process
2025-04-30 23:00:08,679 - INFO - Completed processing ...
2025-05-01 01:30:11,096 - INFO - Starting process
2025-05-01 01:30:11,308 - INFO - Completed processing ...
2025-05-01 03:00:08,507 - INFO - Starting process
2025-05-01 03:00:08,584 - INFO - Completed processing ...
2025-05-01 19:00:12,169 - INFO - Starting process
2025-05-01 19:00:12,400 - INFO - Completed processing ...
2025-05-01 21:30:09,764 - INFO - Starting process
2025-05-01 21:30:09,908 - INFO - Completed processing ...
2025-05-01 23:00:08,964 - INFO - Starting process
2025-05-01 23:00:09,093 - INFO - Completed processing ...
2025-05-02 01:30:09,662 - INFO - Starting process
2025-05-02 01:30:09,850 - INFO - Completed processing ...
2025-05-02 03:00:08,936 - INFO - Starting process
2025-05-02 03:00:09,083 - INFO - Completed processing ...
2025-05-02 05:32:29,949 - INFO - Starting process
2025-05-02 05:38:42,688 - INFO - Hourly API limit reached stopping execution
2025-05-02 05:38:42,688 - INFO - Completed processing ...
2025-05-02 06:10:18,132 - INFO - Starting process
2025-05-02 06:16:42,772 - INFO - Hourly API limit reached stopping execution
2025-05-02 06:16:42,772 - INFO - Completed processing ...
2025-05-02 07:03:03,553 - INFO - Starting process
2025-05-02 07:07:20,382 - INFO - Completed processing ...
2025-05-02 08:21:39,836 - INFO - Starting process
2025-05-02 08:28:29,169 - INFO - Hourly API limit reached stopping execution
2025-05-02 08:28:29,169 - INFO - Completed processing ...
2025-05-02 09:08:44,420 - INFO - Starting process
2025-05-02 09:08:44,551 - ERROR - Main process error: cannot access local variable 'current_page' where it is not associated with a value
Traceback (most recent call last):
  File "C:\Users\ayazr\git\app_apollo_api_search\main.py", line 61, in main
    hourly_limit, minute_limit, daily_limit = calling_api(url)
                                              ^^^^^^^^^^^^^^^^
  File "C:\Users\ayazr\git\app_apollo_api_search\include\api_calls.py", line 89, in calling_api
    response, rate_limit_hourly, rate_limit_minute, rate_limit_daily = people_search_api(company_url, current_page)
                                                                                                      ^^^^^^^^^^^^
UnboundLocalError: cannot access local variable 'current_page' where it is not associated with a value
2025-05-02 09:08:44,551 - INFO - Completed processing ...
2025-05-02 09:09:41,794 - INFO - Starting process
2025-05-02 09:09:41,913 - ERROR - Main process error: people_search_api() missing 1 required positional argument: 'current_page'
Traceback (most recent call last):
  File "C:\Users\ayazr\git\app_apollo_api_search\main.py", line 61, in main
    hourly_limit, minute_limit, daily_limit = calling_api(url)
                                              ^^^^^^^^^^^^^^^^
  File "C:\Users\ayazr\git\app_apollo_api_search\include\api_calls.py", line 89, in calling_api
    response, rate_limit_hourly, rate_limit_minute, rate_limit_daily = people_search_api(company_url)
                                                                       ^^^^^^^^^^^^^^^^^^^^^^^^^^^^^^
TypeError: people_search_api() missing 1 required positional argument: 'current_page'
2025-05-02 09:09:41,913 - INFO - Completed processing ...
2025-05-02 09:11:26,845 - INFO - Starting process
2025-05-02 09:11:26,932 - ERROR - Main process error: people_search_api() missing 1 required positional argument: 'current_page'
Traceback (most recent call last):
  File "C:\Users\ayazr\git\app_apollo_api_search\main.py", line 61, in main
    hourly_limit, minute_limit, daily_limit = calling_api(url)
                                              ^^^^^^^^^^^^^^^^
  File "C:\Users\ayazr\git\app_apollo_api_search\include\api_calls.py", line 89, in calling_api
    response, rate_limit_hourly, rate_limit_minute, rate_limit_daily = people_search_api(company_url)
                                                                       ^^^^^^^^^^^^^^^^^^^^^^^^^^^^^^
TypeError: people_search_api() missing 1 required positional argument: 'current_page'
2025-05-02 09:11:26,932 - INFO - Completed processing ...
2025-05-02 09:13:49,092 - INFO - Starting process
2025-05-02 09:13:49,174 - ERROR - Main process error: cannot access local variable 'current_page' where it is not associated with a value
Traceback (most recent call last):
  File "C:\Users\ayazr\git\app_apollo_api_search\main.py", line 61, in main
    hourly_limit, minute_limit, daily_limit = calling_api(url)
                                              ^^^^^^^^^^^^^^^^
  File "C:\Users\ayazr\git\app_apollo_api_search\include\api_calls.py", line 89, in calling_api
    response, rate_limit_hourly, rate_limit_minute, rate_limit_daily = people_search_api(company_url, current_page)
                                                                                                      ^^^^^^^^^^^^
UnboundLocalError: cannot access local variable 'current_page' where it is not associated with a value
2025-05-02 09:13:49,174 - INFO - Completed processing ...
2025-05-02 09:18:38,705 - INFO - Starting process
2025-05-02 09:18:38,811 - ERROR - Main process error: cannot access local variable 'total_pages' where it is not associated with a value
Traceback (most recent call last):
  File "C:\Users\ayazr\git\app_apollo_api_search\main.py", line 61, in main
    hourly_limit, minute_limit, daily_limit = calling_api(url, 1)
                                              ^^^^^^^^^^^^^^^^^^^
  File "C:\Users\ayazr\git\app_apollo_api_search\include\api_calls.py", line 86, in calling_api
    api_logger.info(f"API call starting for {company_url}, page  {current_page}, total_page{total_pages}")
                                                                                            ^^^^^^^^^^^
UnboundLocalError: cannot access local variable 'total_pages' where it is not associated with a value
2025-05-02 09:18:38,811 - INFO - Completed processing ...
2025-05-02 09:19:51,827 - INFO - Starting process
2025-05-02 09:23:36,877 - INFO - Starting process
2025-05-02 09:26:09,327 - INFO - Starting process
2025-05-02 10:26:18,664 - INFO - Starting process
2025-05-02 10:26:20,116 - ERROR - Main process error: too many values to unpack (expected 3)
Traceback (most recent call last):
  File "C:\Users\ayazr\git\app_apollo_api_search\main.py", line 61, in main
    hourly_limit, minute_limit, daily_limit = calling_api(url, 1)
    ^^^^^^^^^^^^^^^^^^^^^^^^^^^^^^^^^^^^^^^
ValueError: too many values to unpack (expected 3)
2025-05-02 10:26:20,116 - INFO - Completed processing ...
2025-05-02 10:26:55,673 - INFO - Starting process
2025-05-02 10:26:57,054 - ERROR - Main process error: too many values to unpack (expected 3)
Traceback (most recent call last):
  File "C:\Users\ayazr\git\app_apollo_api_search\main.py", line 61, in main
    hourly_limit, minute_limit, daily_limit = calling_api(url, 1)
    ^^^^^^^^^^^^^^^^^^^^^^^^^^^^^^^^^^^^^^^
ValueError: too many values to unpack (expected 3)
2025-05-02 10:26:57,054 - INFO - Completed processing ...
2025-05-02 10:28:51,109 - INFO - Starting process
2025-05-02 10:28:52,006 - ERROR - Main process error: too many values to unpack (expected 3)
Traceback (most recent call last):
  File "C:\Users\ayazr\git\app_apollo_api_search\main.py", line 61, in main
    hourly_limit, minute_limit, daily_limit = calling_api(url, 1)
    ^^^^^^^^^^^^^^^^^^^^^^^^^^^^^^^^^^^^^^^
ValueError: too many values to unpack (expected 3)
2025-05-02 10:28:52,006 - INFO - Completed processing ...
2025-05-02 10:30:22,648 - INFO - Starting process
2025-05-02 10:30:24,114 - ERROR - Main process error: too many values to unpack (expected 3)
Traceback (most recent call last):
  File "C:\Users\ayazr\git\app_apollo_api_search\main.py", line 61, in main
    hourly_limit, minute_limit, daily_limit = calling_api(url, 1)
    ^^^^^^^^^^^^^^^^^^^^^^^^^^^^^^^^^^^^^^^
ValueError: too many values to unpack (expected 3)
2025-05-02 10:30:24,117 - INFO - Completed processing ...
2025-05-02 10:31:44,838 - INFO - Starting process
2025-05-02 10:31:46,324 - ERROR - Main process error: too many values to unpack (expected 3)
Traceback (most recent call last):
  File "C:\Users\ayazr\git\app_apollo_api_search\main.py", line 61, in main
    hourly_limit, minute_limit, daily_limit = calling_api(url, 1)
    ^^^^^^^^^^^^^^^^^^^^^^^^^^^^^^^^^^^^^^^
ValueError: too many values to unpack (expected 3)
2025-05-02 10:31:46,324 - INFO - Completed processing ...
2025-05-02 10:35:15,600 - INFO - Starting process
2025-05-02 10:55:04,543 - INFO - Starting process
2025-05-02 10:58:55,361 - INFO - Starting process
2025-05-02 11:07:44,843 - INFO - Starting process
2025-05-02 11:36:35,801 - INFO - Starting process
2025-05-02 11:37:50,694 - INFO - Starting process
2025-05-02 11:39:51,350 - INFO - Starting process
2025-05-02 11:44:44,931 - INFO - Daily API limit reached stopping execution
2025-05-02 11:44:44,932 - INFO - Completed processing ...
2025-05-02 19:00:11,454 - INFO - Starting process
2025-05-02 19:00:12,752 - INFO - Daily API limit reached stopping execution
2025-05-02 19:00:12,752 - INFO - Completed processing ...
2025-05-02 21:30:08,835 - INFO - Starting process
2025-05-02 21:30:09,906 - INFO - Daily API limit reached stopping execution
2025-05-02 21:30:09,906 - INFO - Completed processing ...
2025-05-02 23:00:08,817 - INFO - Starting process
2025-05-02 23:00:09,879 - INFO - Daily API limit reached stopping execution
2025-05-02 23:00:09,879 - INFO - Completed processing ...
2025-05-03 01:30:11,144 - INFO - Starting process
2025-05-03 01:30:12,300 - INFO - Daily API limit reached stopping execution
2025-05-03 01:30:12,300 - INFO - Completed processing ...
2025-05-03 03:00:11,043 - INFO - Starting process
2025-05-03 03:00:12,176 - INFO - Daily API limit reached stopping execution
2025-05-03 03:00:12,176 - INFO - Completed processing ...
2025-05-03 19:00:11,079 - INFO - Starting process
2025-05-03 19:06:12,495 - INFO - Completed processing ...
2025-05-03 21:30:08,606 - INFO - Starting process
2025-05-03 21:30:08,669 - INFO - Completed processing ...
2025-05-03 23:00:08,568 - INFO - Starting process
2025-05-03 23:00:08,667 - INFO - Completed processing ...
2025-05-04 01:30:11,127 - INFO - Starting process
2025-05-04 01:30:11,306 - INFO - Completed processing ...
2025-05-04 03:00:08,561 - INFO - Starting process
2025-05-04 03:00:08,684 - INFO - Completed processing ...
2025-05-04 19:00:11,997 - INFO - Starting process
2025-05-04 19:00:12,167 - INFO - Completed processing ...
2025-05-04 21:30:09,204 - INFO - Starting process
2025-05-04 21:30:09,351 - INFO - Completed processing ...
2025-05-04 23:00:09,301 - INFO - Starting process
2025-05-04 23:00:09,393 - INFO - Completed processing ...
2025-05-05 01:30:11,730 - INFO - Starting process
2025-05-05 01:30:11,906 - INFO - Completed processing ...
2025-05-05 03:00:11,394 - INFO - Starting process
2025-05-05 03:00:11,557 - INFO - Completed processing ...
2025-05-05 19:00:11,424 - INFO - Starting process
2025-05-05 19:00:11,606 - INFO - Completed processing ...
2025-05-05 21:30:08,750 - INFO - Starting process
2025-05-05 21:30:08,860 - INFO - Completed processing ...
2025-05-05 23:00:08,711 - INFO - Starting process
2025-05-05 23:00:08,802 - INFO - Completed processing ...
2025-05-06 01:30:11,342 - INFO - Starting process
2025-05-06 01:30:11,516 - INFO - Completed processing ...
2025-05-06 03:00:08,762 - INFO - Starting process
2025-05-06 03:00:08,885 - INFO - Completed processing ...
2025-05-06 07:53:51,026 - INFO - Starting process
2025-05-06 08:03:11,257 - INFO - Hourly API limit reached stopping execution
2025-05-06 08:03:11,257 - INFO - Completed processing ...
2025-05-06 19:00:12,499 - INFO - Starting process
2025-05-06 19:09:57,168 - INFO - Hourly API limit reached stopping execution
2025-05-06 19:09:57,168 - INFO - Completed processing ...
2025-05-06 21:30:09,827 - INFO - Starting process
2025-05-06 21:39:25,186 - INFO - Hourly API limit reached stopping execution
2025-05-06 21:39:25,186 - INFO - Completed processing ...
2025-05-06 23:00:08,730 - INFO - Starting process
2025-05-06 23:09:47,536 - INFO - Hourly API limit reached stopping execution
2025-05-06 23:09:47,536 - INFO - Completed processing ...
2025-05-07 01:30:12,305 - INFO - Starting process
2025-05-07 01:38:55,378 - INFO - Daily API limit reached stopping execution
2025-05-07 01:38:55,378 - INFO - Completed processing ...
2025-05-07 03:00:12,055 - INFO - Starting process
2025-05-07 03:00:13,509 - INFO - Daily API limit reached stopping execution
2025-05-07 03:00:13,509 - INFO - Completed processing ...
2025-05-07 19:00:12,855 - INFO - Starting process
2025-05-07 19:07:27,767 - INFO - Completed processing ...
2025-05-07 21:30:12,159 - INFO - Starting process
2025-05-07 21:30:12,311 - INFO - Completed processing ...
2025-05-07 23:00:10,452 - INFO - Starting process
2025-05-07 23:00:10,577 - INFO - Completed processing ...
2025-05-08 01:30:10,340 - INFO - Starting process
2025-05-08 01:30:10,511 - INFO - Completed processing ...
2025-05-08 03:00:10,124 - INFO - Starting process
2025-05-08 03:00:10,262 - INFO - Completed processing ...
2025-05-08 19:00:12,875 - INFO - Starting process
2025-05-08 19:00:13,118 - INFO - Completed processing ...
2025-05-08 21:30:13,046 - INFO - Starting process
2025-05-08 21:30:13,282 - INFO - Completed processing ...
2025-05-08 23:00:09,154 - INFO - Starting process
2025-05-08 23:00:09,294 - INFO - Completed processing ...
2025-05-09 01:30:11,748 - INFO - Starting process
2025-05-09 01:30:11,916 - INFO - Completed processing ...
2025-05-09 03:00:09,188 - INFO - Starting process
2025-05-09 03:00:09,301 - INFO - Completed processing ...
2025-05-09 19:00:13,533 - INFO - Starting process
2025-05-09 19:00:13,766 - INFO - Completed processing ...
2025-05-09 21:30:10,524 - INFO - Starting process
2025-05-09 21:30:10,665 - INFO - Completed processing ...
2025-05-09 23:00:13,130 - INFO - Starting process
2025-05-09 23:00:13,356 - INFO - Completed processing ...
2025-05-10 01:30:12,866 - INFO - Starting process
2025-05-10 01:30:13,135 - INFO - Completed processing ...
2025-05-10 03:00:09,992 - INFO - Starting process
2025-05-10 03:00:10,102 - INFO - Completed processing ...
2025-05-10 19:00:13,630 - INFO - Starting process
2025-05-10 19:00:13,896 - INFO - Completed processing ...
2025-05-10 21:30:12,927 - INFO - Starting process
2025-05-10 21:30:13,217 - INFO - Completed processing ...
2025-05-10 23:00:10,926 - INFO - Starting process
2025-05-10 23:00:11,187 - INFO - Completed processing ...
2025-05-11 01:30:13,783 - INFO - Starting process
2025-05-11 01:30:13,991 - INFO - Completed processing ...
2025-05-11 03:00:11,623 - INFO - Starting process
2025-05-11 03:00:11,792 - INFO - Completed processing ...
2025-05-11 19:00:15,851 - INFO - Starting process
2025-05-11 19:00:16,201 - INFO - Completed processing ...
2025-05-11 21:30:11,050 - INFO - Starting process
2025-05-11 21:30:11,183 - INFO - Completed processing ...
2025-05-11 23:00:11,015 - INFO - Starting process
2025-05-11 23:00:11,173 - INFO - Completed processing ...
2025-05-12 01:30:13,965 - INFO - Starting process
2025-05-12 01:30:14,176 - INFO - Completed processing ...
2025-05-12 03:00:11,271 - INFO - Starting process
2025-05-12 03:00:11,409 - INFO - Completed processing ...
2025-05-12 19:01:05,409 - INFO - Starting process
2025-05-12 19:01:12,955 - INFO - Completed processing ...
2025-05-12 21:31:02,253 - INFO - Starting process
2025-05-12 21:31:10,266 - INFO - Completed processing ...
2025-05-12 23:01:15,228 - INFO - Starting process
2025-05-12 23:01:18,887 - INFO - Completed processing ...
2025-05-13 01:30:17,211 - INFO - Starting process
2025-05-13 01:30:18,223 - INFO - Completed processing ...
2025-05-13 03:00:40,831 - INFO - Starting process
2025-05-13 03:00:44,951 - INFO - Completed processing ...
2025-05-13 19:01:07,387 - INFO - Starting process
2025-05-13 19:01:13,650 - INFO - Completed processing ...
2025-05-14 19:00:13,821 - INFO - Starting process
2025-05-14 19:00:14,040 - INFO - Completed processing ...
2025-05-14 21:30:11,418 - INFO - Starting process
2025-05-14 21:30:11,592 - INFO - Completed processing ...
2025-05-14 23:00:08,995 - INFO - Starting process
2025-05-14 23:00:09,093 - INFO - Completed processing ...
2025-05-15 01:30:08,987 - INFO - Starting process
2025-05-15 01:30:09,114 - INFO - Completed processing ...
2025-05-15 03:00:11,375 - INFO - Starting process
2025-05-15 03:00:11,517 - INFO - Completed processing ...
2025-05-15 19:00:14,072 - INFO - Starting process
2025-05-15 19:00:14,402 - INFO - Completed processing ...
2025-05-15 21:30:13,962 - INFO - Starting process
2025-05-15 21:30:14,325 - INFO - Completed processing ...
2025-05-15 23:00:10,922 - INFO - Starting process
2025-05-15 23:00:11,100 - INFO - Completed processing ...
2025-05-16 01:30:10,173 - INFO - Starting process
2025-05-16 01:30:10,333 - INFO - Completed processing ...
2025-05-16 03:00:12,993 - INFO - Starting process
2025-05-16 03:00:13,270 - INFO - Completed processing ...
2025-05-16 19:00:14,822 - INFO - Starting process
2025-05-16 19:00:15,151 - INFO - Completed processing ...
2025-05-16 21:30:11,905 - INFO - Starting process
2025-05-16 21:30:12,131 - INFO - Completed processing ...
2025-05-16 23:00:12,062 - INFO - Starting process
2025-05-16 23:00:12,366 - INFO - Completed processing ...
2025-05-17 01:30:11,795 - INFO - Starting process
2025-05-17 03:00:12,062 - INFO - Starting process
2025-05-17 19:00:10,338 - INFO - Starting process
2025-05-17 21:30:08,288 - INFO - Starting process
2025-05-17 23:00:08,249 - INFO - Starting process
2025-05-18 01:30:08,472 - INFO - Starting process
2025-05-18 03:00:13,390 - INFO - Starting process
2025-05-18 19:00:14,894 - INFO - Starting process
2025-05-18 21:30:13,762 - INFO - Starting process
2025-05-18 23:00:11,522 - INFO - Starting process
2025-05-19 01:30:13,163 - INFO - Starting process
2025-05-19 03:00:13,959 - INFO - Starting process
2025-05-19 19:00:14,966 - INFO - Starting process
2025-05-19 19:00:15,263 - INFO - Completed processing ...
2025-05-19 21:30:11,166 - INFO - Starting process
2025-05-19 21:30:11,345 - INFO - Completed processing ...
2025-05-19 23:00:08,905 - INFO - Starting process
2025-05-19 23:00:09,216 - INFO - Completed processing ...
2025-05-20 01:30:08,865 - INFO - Starting process
2025-05-20 01:30:09,192 - INFO - Completed processing ...
2025-05-20 03:00:11,318 - INFO - Starting process
2025-05-20 03:00:11,670 - INFO - Completed processing ...
2025-05-20 19:00:15,574 - INFO - Starting process
2025-05-20 19:00:15,862 - INFO - Completed processing ...
2025-05-20 21:30:16,181 - INFO - Starting process
2025-05-20 21:30:16,430 - INFO - Completed processing ...
2025-05-20 23:00:13,185 - INFO - Starting process
2025-05-20 23:00:13,415 - INFO - Completed processing ...
2025-05-21 01:30:13,633 - INFO - Starting process
2025-05-21 01:30:13,872 - INFO - Completed processing ...
2025-05-21 03:00:18,139 - INFO - Starting process
2025-05-21 03:00:18,501 - INFO - Completed processing ...
2025-05-21 19:00:15,205 - INFO - Starting process
2025-05-21 19:00:15,426 - INFO - Completed processing ...
2025-05-21 21:30:10,967 - INFO - Starting process
2025-05-21 21:30:11,127 - INFO - Completed processing ...
2025-05-21 23:00:08,675 - INFO - Starting process
2025-05-21 23:00:08,748 - INFO - Completed processing ...
2025-05-22 01:30:10,937 - INFO - Starting process
2025-05-22 01:30:11,086 - INFO - Completed processing ...
2025-05-22 03:00:11,107 - INFO - Starting process
2025-05-22 03:00:11,217 - INFO - Completed processing ...
2025-05-22 19:00:14,695 - INFO - Starting process
2025-05-22 19:00:14,973 - INFO - Completed processing ...
2025-05-22 21:30:09,104 - INFO - Starting process
2025-05-22 21:30:09,219 - INFO - Completed processing ...
2025-05-22 23:00:09,107 - INFO - Starting process
2025-05-22 23:00:09,193 - INFO - Completed processing ...
2025-05-23 01:30:09,052 - INFO - Starting process
2025-05-23 01:30:09,195 - INFO - Completed processing ...
2025-05-23 03:00:12,796 - INFO - Starting process
2025-05-23 03:00:13,034 - INFO - Completed processing ...
2025-05-23 13:50:18,718 - INFO - Starting process
2025-05-23 13:52:59,325 - INFO - Completed processing ...
2025-05-23 19:00:11,014 - INFO - Starting process
2025-05-23 19:00:11,206 - INFO - Completed processing ...
2025-05-23 21:30:08,779 - INFO - Starting process
2025-05-23 21:30:08,872 - INFO - Completed processing ...
2025-05-23 23:00:11,726 - INFO - Starting process
2025-05-23 23:00:11,987 - INFO - Completed processing ...
2025-05-24 01:30:08,766 - INFO - Starting process
2025-05-24 01:30:08,847 - INFO - Completed processing ...
2025-05-24 03:00:09,878 - INFO - Starting process
2025-05-24 03:00:09,965 - INFO - Completed processing ...
2025-05-24 19:00:14,194 - INFO - Starting process
2025-05-24 19:00:14,454 - INFO - Completed processing ...
2025-05-24 21:30:11,497 - INFO - Starting process
2025-05-24 21:30:11,684 - INFO - Completed processing ...
2025-05-24 23:00:11,368 - INFO - Starting process
2025-05-24 23:00:11,609 - INFO - Completed processing ...
2025-05-25 01:30:11,555 - INFO - Starting process
2025-05-25 01:30:11,756 - INFO - Completed processing ...
2025-05-25 03:00:12,035 - INFO - Starting process
2025-05-25 03:00:12,278 - INFO - Completed processing ...
2025-05-25 19:00:13,679 - INFO - Starting process
2025-05-25 19:00:13,879 - INFO - Completed processing ...
2025-05-25 21:30:08,626 - INFO - Starting process
2025-05-25 21:30:08,769 - INFO - Completed processing ...
2025-05-25 23:00:08,621 - INFO - Starting process
2025-05-25 23:00:08,744 - INFO - Completed processing ...
2025-05-26 01:30:08,611 - INFO - Starting process
2025-05-26 01:30:08,696 - INFO - Completed processing ...
2025-05-26 03:00:08,584 - INFO - Starting process
2025-05-26 03:00:08,676 - INFO - Completed processing ...
2025-05-26 04:53:06,445 - INFO - Starting process
2025-05-26 04:53:06,959 - INFO - Completed processing ...
2025-05-26 19:00:14,559 - INFO - Starting process
2025-05-26 19:00:14,822 - INFO - Completed processing ...
2025-05-26 21:30:08,731 - INFO - Starting process
2025-05-26 21:30:08,817 - INFO - Completed processing ...
2025-05-26 23:00:12,760 - INFO - Starting process
2025-05-26 23:00:13,062 - INFO - Completed processing ...
2025-05-27 01:30:11,962 - INFO - Starting process
2025-05-27 01:30:12,290 - INFO - Completed processing ...
2025-05-27 03:00:10,409 - INFO - Starting process
2025-05-27 03:00:10,662 - INFO - Completed processing ...
2025-05-27 15:14:24,793 - INFO - Starting process
2025-05-27 19:00:09,050 - INFO - Starting process
2025-05-27 19:06:52,106 - INFO - Hourly API limit reached stopping execution
2025-05-27 19:06:52,106 - INFO - Completed processing ...
2025-05-27 21:30:14,211 - INFO - Starting process
2025-05-27 21:36:29,890 - INFO - Hourly API limit reached stopping execution
2025-05-27 21:36:29,890 - INFO - Completed processing ...
2025-05-27 23:00:11,626 - INFO - Starting process
2025-05-27 23:06:37,726 - INFO - Hourly API limit reached stopping execution
2025-05-27 23:06:37,726 - INFO - Completed processing ...
2025-05-28 01:30:11,916 - INFO - Starting process
2025-05-28 01:36:57,824 - INFO - Hourly API limit reached stopping execution
2025-05-28 01:36:57,840 - INFO - Completed processing ...
2025-05-28 03:00:11,597 - INFO - Starting process
2025-05-28 03:04:50,084 - INFO - Daily API limit reached stopping execution
2025-05-28 03:04:50,084 - INFO - Completed processing ...
2025-05-28 08:04:10,358 - INFO - Starting process
2025-05-28 08:11:23,661 - INFO - Hourly API limit reached stopping execution
2025-05-28 08:11:23,661 - INFO - Completed processing ...
2025-05-28 19:00:13,997 - INFO - Starting process
2025-05-28 19:06:56,716 - INFO - Hourly API limit reached stopping execution
2025-05-28 19:06:56,716 - INFO - Completed processing ...
2025-05-28 21:30:11,009 - INFO - Starting process
2025-05-28 21:36:35,337 - INFO - Hourly API limit reached stopping execution
2025-05-28 21:36:35,337 - INFO - Completed processing ...
2025-05-28 23:00:08,567 - INFO - Starting process
2025-05-28 23:06:57,840 - INFO - Hourly API limit reached stopping execution
2025-05-28 23:06:57,840 - INFO - Completed processing ...
2025-05-29 01:30:08,539 - INFO - Starting process
2025-05-29 01:35:52,534 - INFO - Daily API limit reached stopping execution
2025-05-29 01:35:52,534 - INFO - Completed processing ...
2025-05-29 03:00:08,478 - INFO - Starting process
2025-05-29 03:00:09,884 - INFO - Daily API limit reached stopping execution
2025-05-29 03:00:09,884 - INFO - Completed processing ...
2025-05-29 15:07:53,465 - INFO - Starting process
2025-05-29 15:15:07,163 - INFO - Hourly API limit reached stopping execution
2025-05-29 15:15:07,163 - INFO - Completed processing ...
2025-05-29 19:00:08,919 - INFO - Starting process
2025-05-29 19:06:38,183 - INFO - Hourly API limit reached stopping execution
2025-05-29 19:06:38,183 - INFO - Completed processing ...
2025-05-29 21:30:08,920 - INFO - Starting process
2025-05-29 21:36:41,484 - INFO - Hourly API limit reached stopping execution
2025-05-29 21:36:41,484 - INFO - Completed processing ...
2025-05-29 23:00:11,313 - INFO - Starting process
2025-05-29 23:06:36,867 - INFO - Hourly API limit reached stopping execution
2025-05-29 23:06:36,867 - INFO - Completed processing ...
2025-05-30 01:30:08,875 - INFO - Starting process
2025-05-30 01:36:46,389 - INFO - Daily API limit reached stopping execution
2025-05-30 01:36:46,389 - INFO - Completed processing ...
2025-05-30 03:00:08,928 - INFO - Starting process
2025-05-30 03:00:10,225 - INFO - Daily API limit reached stopping execution
2025-05-30 03:00:10,225 - INFO - Completed processing ...
2025-05-30 19:00:14,265 - INFO - Starting process
2025-05-30 19:06:50,436 - INFO - Hourly API limit reached stopping execution
2025-05-30 19:06:50,436 - INFO - Completed processing ...
2025-05-30 21:30:08,839 - INFO - Starting process
2025-05-30 21:37:14,012 - INFO - Hourly API limit reached stopping execution
2025-05-30 21:37:14,012 - INFO - Completed processing ...
2025-05-30 23:00:08,884 - INFO - Starting process
2025-05-30 23:03:40,709 - INFO - Daily API limit reached stopping execution
2025-05-30 23:03:40,709 - INFO - Completed processing ...
2025-05-31 01:30:11,413 - INFO - Starting process
2025-05-31 01:30:12,657 - INFO - Daily API limit reached stopping execution
2025-05-31 01:30:12,657 - INFO - Completed processing ...
2025-05-31 03:00:08,880 - INFO - Starting process
2025-05-31 03:00:10,272 - INFO - Daily API limit reached stopping execution
2025-05-31 03:00:10,272 - INFO - Completed processing ...
2025-05-31 19:00:14,926 - INFO - Starting process
2025-05-31 19:06:51,216 - INFO - Hourly API limit reached stopping execution
2025-05-31 19:06:51,216 - INFO - Completed processing ...
2025-05-31 21:30:12,829 - INFO - Starting process
2025-05-31 21:36:43,681 - INFO - Hourly API limit reached stopping execution
2025-05-31 21:36:43,681 - INFO - Completed processing ...
2025-05-31 23:00:12,311 - INFO - Starting process
2025-05-31 23:06:31,191 - INFO - Hourly API limit reached stopping execution
2025-05-31 23:06:31,191 - INFO - Completed processing ...
2025-06-01 01:30:15,188 - INFO - Starting process
2025-06-01 01:36:57,898 - INFO - Hourly API limit reached stopping execution
2025-06-01 01:36:57,898 - INFO - Completed processing ...
2025-06-01 03:00:08,662 - INFO - Starting process
2025-06-01 03:06:20,647 - INFO - Daily API limit reached stopping execution
2025-06-01 03:06:20,647 - INFO - Completed processing ...
2025-06-01 19:00:14,305 - INFO - Starting process
2025-06-01 19:06:48,987 - INFO - Hourly API limit reached stopping execution
2025-06-01 19:06:48,987 - INFO - Completed processing ...
2025-06-01 21:30:08,966 - INFO - Starting process
2025-06-01 21:36:44,146 - INFO - Hourly API limit reached stopping execution
2025-06-01 21:36:44,146 - INFO - Completed processing ...
2025-06-01 23:00:08,982 - INFO - Starting process
2025-06-01 23:06:34,455 - INFO - Hourly API limit reached stopping execution
2025-06-01 23:06:34,455 - INFO - Completed processing ...
2025-06-02 01:30:11,297 - INFO - Starting process
2025-06-02 01:37:01,240 - INFO - Hourly API limit reached stopping execution
2025-06-02 01:37:01,240 - INFO - Completed processing ...
2025-06-02 03:00:08,961 - INFO - Starting process
2025-06-02 03:07:08,596 - INFO - Hourly API limit reached stopping execution
2025-06-02 03:07:08,596 - INFO - Completed processing ...
2025-06-02 19:00:15,052 - INFO - Starting process
2025-06-02 19:06:47,805 - INFO - Hourly API limit reached stopping execution
2025-06-02 19:06:47,805 - INFO - Completed processing ...
2025-06-03 19:00:14,893 - INFO - Starting process
2025-06-03 19:06:52,465 - INFO - Hourly API limit reached stopping execution
2025-06-03 19:06:52,465 - INFO - Completed processing ...
2025-06-03 21:30:12,778 - INFO - Starting process
2025-06-03 21:36:54,428 - INFO - Hourly API limit reached stopping execution
2025-06-03 21:36:54,428 - INFO - Completed processing ...
2025-06-03 23:00:14,623 - INFO - Starting process
2025-06-03 23:06:49,694 - INFO - Hourly API limit reached stopping execution
2025-06-03 23:06:49,694 - INFO - Completed processing ...
2025-06-04 01:30:08,948 - INFO - Starting process
2025-06-04 01:36:30,660 - INFO - Hourly API limit reached stopping execution
2025-06-04 01:36:30,660 - INFO - Completed processing ...
2025-06-04 03:00:13,139 - INFO - Starting process
2025-06-04 03:06:49,864 - INFO - Hourly API limit reached stopping execution
2025-06-04 03:06:49,864 - INFO - Completed processing ...
2025-06-04 19:00:14,500 - INFO - Starting process
2025-06-04 19:00:15,996 - INFO - Daily API limit reached stopping execution
2025-06-04 19:00:15,996 - INFO - Completed processing ...
2025-06-04 21:30:08,667 - INFO - Starting process
2025-06-04 21:30:09,889 - INFO - Daily API limit reached stopping execution
2025-06-04 21:30:09,889 - INFO - Completed processing ...
2025-06-04 23:00:08,658 - INFO - Starting process
2025-06-04 23:00:09,775 - INFO - Daily API limit reached stopping execution
2025-06-04 23:00:09,775 - INFO - Completed processing ...
2025-06-05 01:30:14,575 - INFO - Starting process
2025-06-05 01:30:16,087 - INFO - Daily API limit reached stopping execution
2025-06-05 01:30:16,087 - INFO - Completed processing ...
2025-06-05 03:00:13,416 - INFO - Starting process
2025-06-05 03:00:15,144 - INFO - Daily API limit reached stopping execution
2025-06-05 03:00:15,144 - INFO - Completed processing ...
2025-06-05 19:00:15,171 - INFO - Starting process
2025-06-05 19:00:16,722 - INFO - Daily API limit reached stopping execution
2025-06-05 19:00:16,722 - INFO - Completed processing ...
2025-06-05 21:30:13,176 - INFO - Starting process
2025-06-05 21:30:14,638 - INFO - Daily API limit reached stopping execution
2025-06-05 21:30:14,638 - INFO - Completed processing ...
2025-06-05 23:00:11,770 - INFO - Starting process
2025-06-05 23:00:13,242 - INFO - Daily API limit reached stopping execution
2025-06-05 23:00:13,242 - INFO - Completed processing ...
2025-06-06 01:30:15,485 - INFO - Starting process
2025-06-06 01:30:18,347 - INFO - Daily API limit reached stopping execution
2025-06-06 01:30:18,347 - INFO - Completed processing ...
2025-06-06 03:00:12,280 - INFO - Starting process
2025-06-06 03:00:13,882 - INFO - Daily API limit reached stopping execution
2025-06-06 03:00:13,882 - INFO - Completed processing ...
2025-06-06 19:00:14,538 - INFO - Starting process
2025-06-06 19:00:15,993 - INFO - Daily API limit reached stopping execution
2025-06-06 19:00:15,993 - INFO - Completed processing ...
2025-06-06 21:30:09,028 - INFO - Starting process
2025-06-06 21:30:10,228 - INFO - Daily API limit reached stopping execution
2025-06-06 21:30:10,228 - INFO - Completed processing ...
2025-06-06 23:00:08,991 - INFO - Starting process
2025-06-06 23:00:10,186 - INFO - Daily API limit reached stopping execution
2025-06-06 23:00:10,186 - INFO - Completed processing ...
2025-06-07 01:30:11,557 - INFO - Starting process
2025-06-07 01:30:12,806 - INFO - Daily API limit reached stopping execution
2025-06-07 01:30:12,806 - INFO - Completed processing ...
2025-06-07 03:00:13,835 - INFO - Starting process
2025-06-07 03:00:15,397 - INFO - Daily API limit reached stopping execution
2025-06-07 03:00:15,397 - INFO - Completed processing ...
2025-06-07 19:00:14,009 - INFO - Starting process
2025-06-07 19:00:15,448 - INFO - Daily API limit reached stopping execution
2025-06-07 19:00:15,448 - INFO - Completed processing ...
2025-06-07 21:30:12,534 - INFO - Starting process
2025-06-07 21:30:14,219 - INFO - Daily API limit reached stopping execution
2025-06-07 21:30:14,219 - INFO - Completed processing ...
2025-06-07 23:00:08,411 - INFO - Starting process
2025-06-07 23:00:09,825 - INFO - Daily API limit reached stopping execution
2025-06-07 23:00:09,825 - INFO - Completed processing ...
2025-06-08 01:30:13,731 - INFO - Starting process
2025-06-08 01:30:14,992 - INFO - Daily API limit reached stopping execution
2025-06-08 01:30:14,992 - INFO - Completed processing ...
2025-06-08 03:00:11,538 - INFO - Starting process
2025-06-08 03:00:13,020 - INFO - Daily API limit reached stopping execution
2025-06-08 03:00:13,020 - INFO - Completed processing ...
2025-06-08 19:00:14,602 - INFO - Starting process
2025-06-08 19:00:15,998 - INFO - Daily API limit reached stopping execution
2025-06-08 19:00:15,998 - INFO - Completed processing ...
2025-06-08 21:30:08,747 - INFO - Starting process
2025-06-08 21:30:09,897 - INFO - Daily API limit reached stopping execution
2025-06-08 21:30:09,897 - INFO - Completed processing ...
2025-06-08 23:00:08,692 - INFO - Starting process
2025-06-08 23:00:09,830 - INFO - Daily API limit reached stopping execution
2025-06-08 23:00:09,830 - INFO - Completed processing ...
2025-06-09 01:30:13,067 - INFO - Starting process
2025-06-09 01:30:14,585 - INFO - Daily API limit reached stopping execution
2025-06-09 01:30:14,585 - INFO - Completed processing ...
2025-06-09 03:00:16,247 - INFO - Starting process
2025-06-09 03:00:17,302 - INFO - Daily API limit reached stopping execution
2025-06-09 03:00:17,302 - INFO - Completed processing ...
2025-06-09 19:00:14,647 - INFO - Starting process
2025-06-09 19:00:16,183 - INFO - Daily API limit reached stopping execution
2025-06-09 19:00:16,183 - INFO - Completed processing ...
2025-06-09 21:30:08,442 - INFO - Starting process
2025-06-09 21:30:09,651 - INFO - Daily API limit reached stopping execution
2025-06-09 21:30:09,651 - INFO - Completed processing ...
2025-06-09 23:00:08,457 - INFO - Starting process
2025-06-09 23:00:09,678 - INFO - Daily API limit reached stopping execution
2025-06-09 23:00:09,679 - INFO - Completed processing ...
2025-06-10 01:30:08,444 - INFO - Starting process
2025-06-10 01:30:09,691 - INFO - Daily API limit reached stopping execution
2025-06-10 01:30:09,691 - INFO - Completed processing ...
2025-06-10 03:00:13,484 - INFO - Starting process
2025-06-10 03:00:15,165 - INFO - Daily API limit reached stopping execution
2025-06-10 03:00:15,165 - INFO - Completed processing ...
2025-06-10 19:00:16,510 - INFO - Starting process
2025-06-10 19:00:18,080 - INFO - Daily API limit reached stopping execution
2025-06-10 19:00:18,080 - INFO - Completed processing ...
2025-06-11 19:00:16,528 - INFO - Starting process
2025-06-11 19:00:18,026 - INFO - Daily API limit reached stopping execution
2025-06-11 19:00:18,026 - INFO - Completed processing ...
2025-06-11 21:30:09,146 - INFO - Starting process
2025-06-11 21:30:10,292 - INFO - Daily API limit reached stopping execution
2025-06-11 21:30:10,292 - INFO - Completed processing ...
2025-06-11 23:00:14,529 - INFO - Starting process
2025-06-11 23:00:16,200 - INFO - Daily API limit reached stopping execution
2025-06-11 23:00:16,200 - INFO - Completed processing ...
2025-06-12 01:30:09,149 - INFO - Starting process
2025-06-12 01:30:09,784 - INFO - Daily API limit reached stopping execution
2025-06-12 01:30:09,784 - INFO - Completed processing ...
2025-06-12 03:00:09,184 - INFO - Starting process
2025-06-12 03:00:10,352 - INFO - Daily API limit reached stopping execution
2025-06-12 03:00:10,352 - INFO - Completed processing ...
2025-06-12 19:00:16,063 - INFO - Starting process
2025-06-12 19:00:17,626 - INFO - Daily API limit reached stopping execution
2025-06-12 19:00:17,626 - INFO - Completed processing ...
2025-06-12 21:30:08,760 - INFO - Starting process
2025-06-12 21:30:09,980 - INFO - Daily API limit reached stopping execution
2025-06-12 21:30:09,980 - INFO - Completed processing ...
2025-06-12 23:00:13,186 - INFO - Starting process
2025-06-12 23:00:14,961 - INFO - Daily API limit reached stopping execution
2025-06-12 23:00:14,961 - INFO - Completed processing ...
2025-06-13 01:30:14,164 - INFO - Starting process
2025-06-13 01:30:15,815 - INFO - Daily API limit reached stopping execution
2025-06-13 01:30:15,815 - INFO - Completed processing ...
2025-06-13 03:00:14,203 - INFO - Starting process
2025-06-13 03:00:15,983 - INFO - Daily API limit reached stopping execution
2025-06-13 03:00:15,983 - INFO - Completed processing ...
2025-06-13 19:00:15,551 - INFO - Starting process
2025-06-13 19:00:16,969 - INFO - Daily API limit reached stopping execution
2025-06-13 19:00:16,969 - INFO - Completed processing ...
2025-06-13 21:30:11,159 - INFO - Starting process
2025-06-13 21:30:12,480 - INFO - Daily API limit reached stopping execution
2025-06-13 21:30:12,480 - INFO - Completed processing ...
2025-06-13 23:00:08,734 - INFO - Starting process
2025-06-13 23:00:09,986 - INFO - Daily API limit reached stopping execution
2025-06-13 23:00:09,986 - INFO - Completed processing ...
2025-06-14 01:30:08,705 - INFO - Starting process
2025-06-14 01:30:09,822 - INFO - Daily API limit reached stopping execution
2025-06-14 01:30:09,822 - INFO - Completed processing ...
2025-06-14 03:00:08,710 - INFO - Starting process
2025-06-14 03:00:09,340 - INFO - Daily API limit reached stopping execution
2025-06-14 03:00:09,340 - INFO - Completed processing ...
2025-06-14 19:00:16,262 - INFO - Starting process
2025-06-14 19:00:17,805 - INFO - Daily API limit reached stopping execution
2025-06-14 19:00:17,805 - INFO - Completed processing ...
2025-06-14 21:30:16,852 - INFO - Starting process
2025-06-14 21:30:18,506 - INFO - Daily API limit reached stopping execution
2025-06-14 21:30:18,506 - INFO - Completed processing ...
2025-06-14 23:00:14,913 - INFO - Starting process
2025-06-14 23:00:16,492 - INFO - Daily API limit reached stopping execution
2025-06-14 23:00:16,492 - INFO - Completed processing ...
2025-06-15 01:30:09,001 - INFO - Starting process
2025-06-15 01:30:09,656 - INFO - Daily API limit reached stopping execution
2025-06-15 01:30:09,656 - INFO - Completed processing ...
2025-06-15 03:00:09,045 - INFO - Starting process
2025-06-15 03:00:10,176 - INFO - Daily API limit reached stopping execution
2025-06-15 03:00:10,176 - INFO - Completed processing ...
2025-06-15 19:00:15,738 - INFO - Starting process
2025-06-15 19:00:17,205 - INFO - Daily API limit reached stopping execution
2025-06-15 19:00:17,205 - INFO - Completed processing ...
2025-06-15 21:30:10,680 - INFO - Starting process
2025-06-15 21:30:12,007 - INFO - Daily API limit reached stopping execution
2025-06-15 21:30:12,007 - INFO - Completed processing ...
2025-06-15 23:00:10,767 - INFO - Starting process
2025-06-15 23:00:12,125 - INFO - Daily API limit reached stopping execution
2025-06-15 23:00:12,125 - INFO - Completed processing ...
2025-06-16 01:30:08,395 - INFO - Starting process
2025-06-16 01:30:09,577 - INFO - Daily API limit reached stopping execution
2025-06-16 01:30:09,577 - INFO - Completed processing ...
2025-06-16 03:00:08,350 - INFO - Starting process
2025-06-16 03:00:09,637 - INFO - Daily API limit reached stopping execution
2025-06-16 03:00:09,637 - INFO - Completed processing ...
2025-06-16 10:53:58,585 - INFO - Starting process
2025-06-16 10:54:00,115 - INFO - Daily API limit reached stopping execution
2025-06-16 10:54:00,115 - INFO - Completed processing ...
2025-06-16 10:57:21,535 - INFO - Starting process
2025-06-16 10:57:22,596 - INFO - Daily API limit reached stopping execution
2025-06-16 10:57:22,596 - INFO - Completed processing ...
2025-06-16 11:03:11,421 - INFO - Starting process
2025-06-16 11:03:12,480 - INFO - Daily API limit reached stopping execution
2025-06-16 11:03:12,480 - INFO - Completed processing ...
2025-06-16 11:10:25,409 - INFO - Starting process
2025-06-16 11:10:26,477 - INFO - Daily API limit reached stopping execution
2025-06-16 11:10:26,477 - INFO - Completed processing ...
2025-06-16 19:00:16,340 - INFO - Starting process
2025-06-16 19:39:51,585 - INFO - Completed processing ...
2025-06-16 21:30:16,281 - INFO - Starting process
2025-06-16 21:30:16,593 - INFO - Completed processing ...
2025-06-16 23:00:14,261 - INFO - Starting process
2025-06-16 23:00:14,669 - INFO - Completed processing ...
2025-06-17 01:30:13,014 - INFO - Starting process
2025-06-17 01:30:13,226 - INFO - Completed processing ...
2025-06-17 03:00:08,525 - INFO - Starting process
2025-06-17 03:00:08,614 - INFO - Completed processing ...
2025-06-17 19:00:16,230 - INFO - Starting process
2025-06-17 19:00:16,566 - INFO - Completed processing ...
2025-06-17 21:30:09,079 - INFO - Starting process
2025-06-17 21:30:09,229 - INFO - Completed processing ...
2025-06-17 23:00:11,495 - INFO - Starting process
2025-06-17 23:00:11,627 - INFO - Completed processing ...
2025-06-18 01:30:11,327 - INFO - Starting process
2025-06-18 01:30:11,476 - INFO - Completed processing ...
2025-06-18 03:00:09,146 - INFO - Starting process
2025-06-18 03:00:09,240 - INFO - Completed processing ...
2025-06-18 19:00:16,683 - INFO - Starting process
2025-06-18 19:00:17,080 - INFO - Completed processing ...
2025-06-18 21:30:11,051 - INFO - Starting process
2025-06-18 21:30:11,260 - INFO - Completed processing ...
2025-06-18 23:00:17,045 - INFO - Starting process
2025-06-18 23:00:17,428 - INFO - Completed processing ...
2025-06-19 01:30:08,608 - INFO - Starting process
2025-06-19 01:30:08,765 - INFO - Completed processing ...
2025-06-19 03:00:08,608 - INFO - Starting process
2025-06-19 03:00:08,704 - INFO - Completed processing ...
2025-06-19 19:00:16,003 - INFO - Starting process
2025-06-19 19:00:16,333 - INFO - Completed processing ...
2025-06-19 21:30:10,628 - INFO - Starting process
2025-06-19 21:30:10,806 - INFO - Completed processing ...
2025-06-19 23:00:10,806 - INFO - Starting process
2025-06-19 23:00:10,953 - INFO - Completed processing ...
2025-06-20 01:30:08,319 - INFO - Starting process
2025-06-20 01:30:08,370 - INFO - Completed processing ...
2025-09-11 06:18:52,605 - INFO - Starting process
2025-09-11 09:08:28,876 - INFO - Completed processing ...
2025-09-11 09:19:02,026 - INFO - Starting process
2025-09-11 09:19:02,208 - INFO - Completed processing ...
2025-09-11 11:29:11,697 - INFO - Starting process
2025-09-11 11:33:32,372 - INFO - Starting process
2025-09-11 11:37:30,150 - INFO - Starting process
2025-09-11 12:06:12,668 - INFO - Daily API limit reached stopping execution
2025-09-11 12:06:12,668 - INFO - Completed processing ...
2025-09-11 12:12:44,330 - INFO - Starting process
2025-09-11 12:23:56,025 - INFO - Daily API limit reached stopping execution
2025-09-11 12:23:56,025 - INFO - Completed processing ...
2025-09-11 12:48:40,111 - INFO - Starting process
2025-09-11 14:30:04,262 - INFO - Completed processing ...
2025-09-11 14:56:53,142 - INFO - Starting process
2025-09-11 14:56:53,239 - INFO - Completed processing ...
2025-09-11 19:00:10,645 - INFO - Starting process
2025-09-11 19:00:10,829 - INFO - Completed processing ...
2025-09-11 21:30:10,689 - INFO - Starting process
2025-09-11 21:30:10,874 - INFO - Completed processing ...
2025-09-11 23:00:08,318 - INFO - Starting process
2025-09-11 23:00:08,436 - INFO - Completed processing ...
2025-09-12 01:30:08,357 - INFO - Starting process
2025-09-12 01:30:08,444 - INFO - Completed processing ...
2025-09-12 03:00:08,337 - INFO - Starting process
2025-09-12 03:00:08,479 - INFO - Completed processing ...
2025-09-12 05:39:17,776 - INFO - Starting process
2025-09-12 05:58:31,368 - INFO - Completed processing ...
2025-09-12 06:00:38,345 - INFO - Starting process
2025-09-12 06:00:38,414 - INFO - Completed processing ...
2025-09-12 06:03:50,711 - INFO - Starting process
2025-09-12 06:22:47,820 - INFO - Completed processing ...
2025-09-12 06:28:46,382 - INFO - Starting process
2025-09-12 06:28:46,508 - INFO - Completed processing ...
2025-09-12 06:30:06,712 - INFO - Starting process
2025-09-12 06:49:40,518 - INFO - Completed processing ...
2025-09-12 07:43:26,849 - INFO - Starting process
2025-09-12 08:26:43,263 - INFO - Completed processing ...
2025-09-12 08:42:40,150 - INFO - Starting process
2025-09-12 08:42:40,278 - INFO - Completed processing ...
2025-09-12 08:44:23,833 - INFO - Starting process
2025-09-12 09:27:48,076 - INFO - Completed processing ...
2025-09-12 10:41:03,214 - INFO - Starting process
2025-09-12 10:41:03,389 - INFO - Completed processing ...
2025-09-12 10:43:25,342 - INFO - Starting process
2025-09-12 10:52:15,547 - INFO - Daily API limit reached stopping execution
2025-09-12 10:52:15,547 - INFO - Completed processing ...
2025-09-12 19:00:11,506 - INFO - Starting process
2025-09-12 19:40:26,033 - INFO - Completed processing ...
2025-09-12 21:30:11,414 - INFO - Starting process
2025-09-12 21:30:11,647 - INFO - Completed processing ...
2025-09-12 23:00:11,398 - INFO - Starting process
2025-09-12 23:00:11,617 - INFO - Completed processing ...
2025-09-13 01:30:08,608 - INFO - Starting process
2025-09-13 01:30:08,738 - INFO - Completed processing ...
2025-09-13 03:00:09,163 - INFO - Starting process
2025-09-13 03:00:09,361 - INFO - Completed processing ...
2025-09-13 19:00:12,031 - INFO - Starting process
2025-09-13 19:00:12,237 - INFO - Completed processing ...
2025-09-13 21:30:11,751 - INFO - Starting process
2025-09-13 21:30:11,997 - INFO - Completed processing ...
2025-09-13 23:00:08,781 - INFO - Starting process
2025-09-13 23:00:08,880 - INFO - Completed processing ...
2025-09-14 01:30:11,113 - INFO - Starting process
2025-09-14 01:30:11,270 - INFO - Completed processing ...
2025-09-14 03:00:08,803 - INFO - Starting process
2025-09-14 03:00:08,937 - INFO - Completed processing ...
2025-09-14 19:00:12,455 - INFO - Starting process
2025-09-14 19:00:12,678 - INFO - Completed processing ...
2025-09-14 21:30:12,181 - INFO - Starting process
2025-09-14 21:30:12,357 - INFO - Completed processing ...
2025-09-14 23:00:09,326 - INFO - Starting process
2025-09-14 23:00:09,469 - INFO - Completed processing ...
2025-09-15 01:30:12,197 - INFO - Starting process
2025-09-15 01:30:12,391 - INFO - Completed processing ...
2025-09-15 03:00:09,331 - INFO - Starting process
2025-09-15 03:00:09,453 - INFO - Completed processing ...
2025-09-15 19:00:12,561 - INFO - Starting process
2025-09-15 19:00:12,786 - INFO - Completed processing ...
2025-09-15 21:30:11,518 - INFO - Starting process
2025-09-15 21:30:11,739 - INFO - Completed processing ...
2025-09-15 23:00:09,289 - INFO - Starting process
2025-09-15 23:00:09,435 - INFO - Completed processing ...
2025-09-16 01:30:09,221 - INFO - Starting process
2025-09-16 01:30:09,298 - INFO - Completed processing ...
2025-09-16 03:00:09,284 - INFO - Starting process
2025-09-16 03:00:09,414 - INFO - Completed processing ...
2025-09-16 19:00:11,474 - INFO - Starting process
2025-09-16 19:00:11,662 - INFO - Completed processing ...
2025-09-16 21:30:08,973 - INFO - Starting process
2025-09-16 21:30:09,174 - INFO - Completed processing ...
2025-09-16 23:00:08,839 - INFO - Starting process
2025-09-16 23:00:09,007 - INFO - Completed processing ...
2025-09-17 01:30:08,823 - INFO - Starting process
2025-09-17 01:30:09,012 - INFO - Completed processing ...
2025-09-17 03:00:08,842 - INFO - Starting process
2025-09-17 03:00:09,029 - INFO - Completed processing ...
2025-09-17 19:00:11,857 - INFO - Starting process
2025-09-17 19:00:12,060 - INFO - Completed processing ...
2025-09-17 21:30:09,095 - INFO - Starting process
2025-09-17 21:30:09,270 - INFO - Completed processing ...
2025-09-17 23:00:08,872 - INFO - Starting process
2025-09-17 23:00:09,018 - INFO - Completed processing ...
2025-09-18 01:30:09,688 - INFO - Starting process
2025-09-18 01:30:09,872 - INFO - Completed processing ...
2025-09-18 03:00:09,881 - INFO - Starting process
2025-09-18 03:00:10,017 - INFO - Completed processing ...
2025-09-18 19:00:13,052 - INFO - Starting process
2025-09-18 19:00:13,321 - INFO - Completed processing ...
2025-09-18 21:30:12,251 - INFO - Starting process
2025-09-18 21:30:12,509 - INFO - Completed processing ...
2025-09-18 23:00:12,283 - INFO - Starting process
2025-09-18 23:00:12,512 - INFO - Completed processing ...
2025-09-19 01:30:09,111 - INFO - Starting process
2025-09-19 01:30:09,248 - INFO - Completed processing ...
2025-09-19 03:00:09,101 - INFO - Starting process
2025-09-19 03:00:09,190 - INFO - Completed processing ...
2025-09-19 19:00:12,099 - INFO - Starting process
2025-09-19 19:00:12,333 - INFO - Completed processing ...
2025-09-19 21:30:09,302 - INFO - Starting process
2025-09-19 21:30:09,424 - INFO - Completed processing ...
2025-09-19 23:00:11,903 - INFO - Starting process
2025-09-19 23:00:12,169 - INFO - Completed processing ...
2025-09-20 01:30:11,890 - INFO - Starting process
2025-09-20 01:30:12,116 - INFO - Completed processing ...
2025-09-20 03:00:09,257 - INFO - Starting process
2025-09-20 03:00:09,474 - INFO - Completed processing ...
2025-09-20 19:00:12,184 - INFO - Starting process
2025-09-20 19:00:12,437 - INFO - Completed processing ...
2025-09-20 21:30:09,079 - INFO - Starting process
2025-09-20 21:30:09,260 - INFO - Completed processing ...
2025-09-20 23:00:11,660 - INFO - Starting process
2025-09-20 23:00:11,869 - INFO - Completed processing ...
2025-09-21 01:30:11,972 - INFO - Starting process
2025-09-21 01:30:12,187 - INFO - Completed processing ...
2025-09-21 03:00:08,438 - INFO - Starting process
2025-09-21 03:00:08,534 - INFO - Completed processing ...
2025-09-21 19:00:12,092 - INFO - Starting process
2025-09-21 19:00:12,338 - INFO - Completed processing ...
2025-09-21 21:30:09,199 - INFO - Starting process
2025-09-21 21:30:09,362 - INFO - Completed processing ...
2025-09-21 23:00:11,697 - INFO - Starting process
2025-09-21 23:00:11,925 - INFO - Completed processing ...
2025-09-22 01:30:11,757 - INFO - Starting process
2025-09-22 01:30:11,986 - INFO - Completed processing ...
2025-09-22 03:00:11,865 - INFO - Starting process
2025-09-22 03:00:12,133 - INFO - Completed processing ...
2025-09-22 19:00:12,511 - INFO - Starting process
2025-09-22 19:00:12,799 - INFO - Completed processing ...
2025-09-22 21:30:08,743 - INFO - Starting process
2025-09-22 21:30:08,861 - INFO - Completed processing ...
2025-09-22 23:00:11,262 - INFO - Starting process
2025-09-22 23:00:11,454 - INFO - Completed processing ...
2025-09-23 01:30:11,096 - INFO - Starting process
2025-09-23 01:30:11,229 - INFO - Completed processing ...
2025-09-23 03:00:08,651 - INFO - Starting process
2025-09-23 03:00:08,770 - INFO - Completed processing ...
2025-09-23 19:00:12,300 - INFO - Starting process
2025-09-23 19:00:12,497 - INFO - Completed processing ...
2025-09-23 21:30:09,133 - INFO - Starting process
2025-09-23 21:30:09,328 - INFO - Completed processing ...
2025-09-23 23:00:09,153 - INFO - Starting process
2025-09-23 23:00:09,293 - INFO - Completed processing ...
2025-09-24 01:30:11,727 - INFO - Starting process
2025-09-24 01:30:11,947 - INFO - Completed processing ...
2025-09-24 03:00:09,221 - INFO - Starting process
2025-09-24 03:00:09,382 - INFO - Completed processing ...
2025-09-24 19:00:12,060 - INFO - Starting process
2025-09-24 19:00:12,223 - INFO - Completed processing ...
2025-09-24 21:30:09,304 - INFO - Starting process
2025-09-24 21:30:09,478 - INFO - Completed processing ...
2025-09-24 23:00:08,608 - INFO - Starting process
2025-09-24 23:00:08,716 - INFO - Completed processing ...
2025-09-25 01:30:11,249 - INFO - Starting process
2025-09-25 01:30:11,397 - INFO - Completed processing ...
2025-09-25 03:00:08,760 - INFO - Starting process
2025-09-25 03:00:08,844 - INFO - Completed processing ...
2025-09-25 19:00:12,960 - INFO - Starting process
2025-09-25 19:00:13,244 - INFO - Completed processing ...
2025-09-25 21:30:12,988 - INFO - Starting process
2025-09-25 21:30:13,155 - INFO - Completed processing ...
2025-09-25 23:00:09,431 - INFO - Starting process
2025-09-25 23:00:09,581 - INFO - Completed processing ...
2025-09-26 01:30:12,612 - INFO - Starting process
2025-09-26 01:30:12,903 - INFO - Completed processing ...
2025-09-26 03:00:09,882 - INFO - Starting process
2025-09-26 03:00:10,070 - INFO - Completed processing ...
2025-09-26 19:00:12,292 - INFO - Starting process
2025-09-26 19:00:12,485 - INFO - Completed processing ...
2025-09-26 21:30:13,181 - INFO - Starting process
2025-09-26 21:30:13,407 - INFO - Completed processing ...
2025-09-26 23:00:09,519 - INFO - Starting process
2025-09-26 23:00:09,667 - INFO - Completed processing ...
2025-09-27 01:30:11,701 - INFO - Starting process
2025-09-27 01:30:11,895 - INFO - Completed processing ...
2025-09-27 03:00:08,887 - INFO - Starting process
2025-09-27 03:00:08,986 - INFO - Completed processing ...
2025-09-27 19:00:12,505 - INFO - Starting process
2025-09-27 19:00:12,687 - INFO - Completed processing ...
2025-09-27 21:30:09,009 - INFO - Starting process
2025-09-27 21:30:09,107 - INFO - Completed processing ...
2025-09-27 23:00:09,783 - INFO - Starting process
2025-09-27 23:00:09,920 - INFO - Completed processing ...
2025-09-28 01:30:12,187 - INFO - Starting process
2025-09-28 01:30:12,347 - INFO - Completed processing ...
2025-09-28 03:00:09,467 - INFO - Starting process
2025-09-28 03:00:09,584 - INFO - Completed processing ...
2025-09-28 19:00:12,905 - INFO - Starting process
2025-09-28 19:00:13,118 - INFO - Completed processing ...
2025-09-28 21:30:10,144 - INFO - Starting process
2025-09-28 21:30:10,278 - INFO - Completed processing ...
2025-09-28 23:00:12,719 - INFO - Starting process
2025-09-28 23:00:12,954 - INFO - Completed processing ...
2025-09-29 01:30:12,811 - INFO - Starting process
2025-09-29 01:30:13,039 - INFO - Completed processing ...
2025-09-29 03:00:09,919 - INFO - Starting process
2025-09-29 03:00:10,069 - INFO - Completed processing ...
2025-09-29 19:00:11,965 - INFO - Starting process
2025-09-29 19:00:12,178 - INFO - Completed processing ...
2025-09-29 21:30:08,522 - INFO - Starting process
2025-09-29 21:30:08,595 - INFO - Completed processing ...
2025-09-29 23:00:11,930 - INFO - Starting process
2025-09-29 23:00:12,117 - INFO - Completed processing ...
2025-09-30 01:30:11,602 - INFO - Starting process
2025-09-30 01:30:11,752 - INFO - Completed processing ...
2025-09-30 03:00:09,097 - INFO - Starting process
2025-09-30 03:00:09,232 - INFO - Completed processing ...
2025-09-30 19:00:13,230 - INFO - Starting process
2025-09-30 19:00:13,493 - INFO - Completed processing ...
2025-09-30 21:30:10,254 - INFO - Starting process
2025-09-30 21:30:10,469 - INFO - Completed processing ...
2025-09-30 23:00:10,070 - INFO - Starting process
2025-09-30 23:00:10,340 - INFO - Completed processing ...
2025-10-01 01:30:12,657 - INFO - Starting process
2025-10-01 01:30:12,904 - INFO - Completed processing ...
2025-10-01 03:00:09,465 - INFO - Starting process
2025-10-01 03:00:09,591 - INFO - Completed processing ...
2025-10-01 19:00:11,712 - INFO - Starting process
2025-10-01 19:00:11,966 - INFO - Completed processing ...
2025-10-01 21:30:09,238 - INFO - Starting process
2025-10-01 21:30:09,368 - INFO - Completed processing ...
2025-10-01 23:00:12,061 - INFO - Starting process
2025-10-01 23:00:12,291 - INFO - Completed processing ...
2025-10-02 01:30:11,883 - INFO - Starting process
2025-10-02 01:30:12,163 - INFO - Completed processing ...
2025-10-02 03:00:11,865 - INFO - Starting process
2025-10-02 03:00:12,073 - INFO - Completed processing ...
2025-10-02 19:00:13,316 - INFO - Starting process
2025-10-02 19:00:13,517 - INFO - Completed processing ...
2025-10-02 21:30:09,545 - INFO - Starting process
2025-10-02 21:30:09,664 - INFO - Completed processing ...
2025-10-02 23:00:12,634 - INFO - Starting process
2025-10-02 23:00:12,805 - INFO - Completed processing ...
2025-10-03 01:30:12,085 - INFO - Starting process
2025-10-03 01:30:12,250 - INFO - Completed processing ...
2025-10-03 03:00:10,245 - INFO - Starting process
2025-10-03 03:00:10,446 - INFO - Completed processing ...
2025-10-03 19:00:12,341 - INFO - Starting process
2025-10-03 19:00:12,638 - INFO - Completed processing ...
2025-10-03 21:30:09,205 - INFO - Starting process
2025-10-03 21:30:09,348 - INFO - Completed processing ...
2025-10-03 23:00:09,336 - INFO - Starting process
2025-10-03 23:00:09,540 - INFO - Completed processing ...
2025-10-04 01:30:12,054 - INFO - Starting process
2025-10-04 01:30:12,314 - INFO - Completed processing ...
2025-10-04 03:00:09,603 - INFO - Starting process
2025-10-04 03:00:09,800 - INFO - Completed processing ...
2025-10-04 19:00:12,692 - INFO - Starting process
2025-10-04 19:00:12,964 - INFO - Completed processing ...
2025-10-04 21:30:09,250 - INFO - Starting process
2025-10-04 21:30:09,410 - INFO - Completed processing ...
2025-10-04 23:00:11,950 - INFO - Starting process
2025-10-04 23:00:12,153 - INFO - Completed processing ...
2025-10-05 01:30:12,188 - INFO - Starting process
2025-10-05 01:30:12,493 - INFO - Completed processing ...
2025-10-05 03:00:09,520 - INFO - Starting process
2025-10-05 03:00:09,651 - INFO - Completed processing ...
2025-10-05 19:00:12,155 - INFO - Starting process
2025-10-05 19:00:12,370 - INFO - Completed processing ...
2025-10-05 21:30:08,619 - INFO - Starting process
2025-10-05 21:30:08,761 - INFO - Completed processing ...
2025-10-05 23:00:12,043 - INFO - Starting process
2025-10-05 23:00:12,251 - INFO - Completed processing ...
2025-10-06 01:30:11,148 - INFO - Starting process
2025-10-06 01:30:11,388 - INFO - Completed processing ...
2025-10-06 03:00:08,583 - INFO - Starting process
2025-10-06 03:00:08,693 - INFO - Completed processing ...
2025-10-06 10:10:07,468 - INFO - Starting process
2025-10-06 10:18:03,519 - INFO - Completed processing ...
2025-10-06 10:22:14,893 - INFO - Starting process
2025-10-06 10:29:39,520 - INFO - Completed processing ...
2025-10-06 10:35:08,934 - INFO - Starting process
2025-10-06 10:39:19,716 - INFO - Starting process
2025-10-06 10:46:43,923 - INFO - Completed processing ...
2025-10-06 10:52:52,252 - INFO - Starting process
2025-10-06 10:59:56,578 - INFO - Completed processing ...
2025-10-06 19:00:08,672 - INFO - Starting process
2025-10-06 19:00:08,765 - INFO - Completed processing ...
2025-10-06 21:30:11,876 - INFO - Starting process
2025-10-06 21:30:12,077 - INFO - Completed processing ...
2025-10-06 23:00:11,468 - INFO - Starting process
2025-10-06 23:00:11,654 - INFO - Completed processing ...
2025-10-07 01:30:12,004 - INFO - Starting process
2025-10-07 01:30:12,247 - INFO - Completed processing ...
2025-10-07 03:00:09,127 - INFO - Starting process
2025-10-07 03:00:09,261 - INFO - Completed processing ...
2025-10-07 19:00:12,436 - INFO - Starting process
2025-10-07 19:00:12,680 - INFO - Completed processing ...
2025-10-07 21:30:11,848 - INFO - Starting process
2025-10-07 21:30:12,060 - INFO - Completed processing ...
2025-10-07 23:00:09,092 - INFO - Starting process
2025-10-07 23:00:09,201 - INFO - Completed processing ...
2025-10-08 01:30:12,047 - INFO - Starting process
2025-10-08 01:30:12,263 - INFO - Completed processing ...
2025-10-08 03:00:08,741 - INFO - Starting process
2025-10-08 03:00:08,888 - INFO - Completed processing ...
2025-10-08 19:00:12,022 - INFO - Starting process
2025-10-08 19:00:12,276 - INFO - Completed processing ...
2025-10-08 21:30:12,254 - INFO - Starting process
2025-10-08 21:30:12,497 - INFO - Completed processing ...
2025-10-08 23:00:08,545 - INFO - Starting process
2025-10-08 23:00:08,620 - INFO - Completed processing ...
2025-10-09 01:30:12,023 - INFO - Starting process
2025-10-09 01:30:12,256 - INFO - Completed processing ...
2025-10-09 03:00:09,173 - INFO - Starting process
2025-10-09 03:00:09,378 - INFO - Completed processing ...
2025-10-09 19:00:12,001 - INFO - Starting process
2025-10-09 19:00:12,305 - INFO - Completed processing ...
2025-10-09 21:30:09,154 - INFO - Starting process
2025-10-09 21:30:09,267 - INFO - Completed processing ...
2025-10-09 23:00:12,162 - INFO - Starting process
2025-10-09 23:00:12,399 - INFO - Completed processing ...
2025-10-10 01:30:12,006 - INFO - Starting process
2025-10-10 01:30:12,183 - INFO - Completed processing ...
2025-10-10 03:00:08,829 - INFO - Starting process
2025-10-10 03:00:08,940 - INFO - Completed processing ...
2025-10-10 19:00:12,992 - INFO - Starting process
2025-10-10 19:00:13,267 - INFO - Completed processing ...
2025-10-10 21:30:09,753 - INFO - Starting process
2025-10-10 21:30:09,933 - INFO - Completed processing ...
2025-10-10 23:00:12,677 - INFO - Starting process
2025-10-10 23:00:12,941 - INFO - Completed processing ...
2025-10-11 01:30:12,411 - INFO - Starting process
2025-10-11 01:30:12,650 - INFO - Completed processing ...
2025-10-11 03:00:08,797 - INFO - Starting process
2025-10-11 03:00:08,865 - INFO - Completed processing ...
2025-10-11 19:00:13,495 - INFO - Starting process
2025-10-11 19:00:13,716 - INFO - Completed processing ...
2025-10-11 21:30:09,538 - INFO - Starting process
2025-10-11 21:30:09,662 - INFO - Completed processing ...
2025-10-11 23:00:12,958 - INFO - Starting process
2025-10-11 23:00:13,187 - INFO - Completed processing ...
2025-10-12 01:30:13,066 - INFO - Starting process
2025-10-12 01:30:13,397 - INFO - Completed processing ...
2025-10-12 03:00:10,393 - INFO - Starting process
2025-10-12 03:00:10,592 - INFO - Completed processing ...
2025-10-12 19:00:12,819 - INFO - Starting process
2025-10-12 19:00:13,081 - INFO - Completed processing ...
2025-10-12 21:30:08,976 - INFO - Starting process
2025-10-12 21:30:09,114 - INFO - Completed processing ...
2025-10-12 23:00:12,491 - INFO - Starting process
2025-10-12 23:00:12,777 - INFO - Completed processing ...
2025-10-13 01:30:12,431 - INFO - Starting process
2025-10-13 01:30:12,675 - INFO - Completed processing ...
2025-10-13 03:00:09,646 - INFO - Starting process
2025-10-13 03:00:09,821 - INFO - Completed processing ...
2025-10-13 19:00:12,339 - INFO - Starting process
2025-10-13 19:00:12,525 - INFO - Completed processing ...
2025-10-13 21:30:09,299 - INFO - Starting process
2025-10-13 21:30:09,481 - INFO - Completed processing ...
2025-10-13 23:00:12,546 - INFO - Starting process
2025-10-13 23:00:12,785 - INFO - Completed processing ...
2025-10-14 01:30:11,414 - INFO - Starting process
2025-10-14 01:30:11,603 - INFO - Completed processing ...
2025-10-14 03:00:09,237 - INFO - Starting process
2025-10-14 03:00:09,390 - INFO - Completed processing ...
2025-10-15 19:00:12,092 - INFO - Starting process
2025-10-15 19:00:12,333 - INFO - Completed processing ...
2025-10-15 21:30:11,710 - INFO - Starting process
2025-10-15 21:30:11,886 - INFO - Completed processing ...
2025-10-15 23:00:08,548 - INFO - Starting process
2025-10-15 23:00:08,655 - INFO - Completed processing ...
2025-10-16 01:30:11,796 - INFO - Starting process
2025-10-16 01:30:11,993 - INFO - Completed processing ...
2025-10-16 03:00:09,128 - INFO - Starting process
2025-10-16 03:00:09,273 - INFO - Completed processing ...
2025-10-16 04:32:28,925 - INFO - Starting process
2025-10-16 04:32:30,154 - INFO - Daily API limit reached stopping execution
2025-10-16 04:32:30,154 - INFO - Completed processing ...
2025-10-16 04:32:57,809 - INFO - Starting process
2025-10-16 04:32:58,692 - INFO - Daily API limit reached stopping execution
2025-10-16 04:32:58,692 - INFO - Completed processing ...
2025-10-16 12:37:10,450 - INFO - Starting process
2025-10-16 12:37:11,221 - INFO - Daily API limit reached stopping execution
2025-10-16 12:37:11,221 - INFO - Completed processing ...
2025-10-16 19:00:09,069 - INFO - Starting process
2025-10-16 19:15:21,678 - INFO - Completed processing ...
2025-10-16 21:30:11,848 - INFO - Starting process
2025-10-16 21:30:12,047 - INFO - Completed processing ...
2025-10-16 23:00:09,083 - INFO - Starting process
2025-10-16 23:00:09,215 - INFO - Completed processing ...
2025-10-17 01:30:11,860 - INFO - Starting process
2025-10-17 01:30:12,047 - INFO - Completed processing ...
2025-10-17 02:32:58,062 - INFO - Starting process
2025-10-17 19:00:12,024 - INFO - Starting process
2025-10-17 20:07:43,603 - INFO - Completed processing ...
2025-10-17 21:30:11,252 - INFO - Starting process
2025-10-17 21:30:11,452 - INFO - Completed processing ...
2025-10-17 23:00:11,610 - INFO - Starting process
2025-10-17 23:00:11,774 - INFO - Completed processing ...
2025-10-18 01:30:11,569 - INFO - Starting process
2025-10-18 01:30:11,809 - INFO - Completed processing ...
2025-10-18 03:00:08,985 - INFO - Starting process
2025-10-18 03:00:09,095 - INFO - Completed processing ...
2025-10-18 19:00:11,862 - INFO - Starting process
2025-10-18 19:00:12,021 - INFO - Completed processing ...
2025-10-18 21:30:11,651 - INFO - Starting process
2025-10-18 21:30:11,810 - INFO - Completed processing ...
2025-10-18 23:00:09,052 - INFO - Starting process
2025-10-18 23:00:09,128 - INFO - Completed processing ...
2025-10-19 01:30:11,762 - INFO - Starting process
2025-10-19 01:30:11,941 - INFO - Completed processing ...
2025-10-19 03:00:08,961 - INFO - Starting process
2025-10-19 03:00:09,079 - INFO - Completed processing ...
2025-10-19 19:00:12,011 - INFO - Starting process
2025-10-19 19:00:12,205 - INFO - Completed processing ...
2025-10-19 21:30:11,660 - INFO - Starting process
2025-10-19 21:30:11,845 - INFO - Completed processing ...
2025-10-19 23:00:09,222 - INFO - Starting process
2025-10-19 23:00:09,362 - INFO - Completed processing ...
2025-10-20 01:30:11,746 - INFO - Starting process
2025-10-20 01:30:11,960 - INFO - Completed processing ...
2025-10-20 03:00:09,063 - INFO - Starting process
2025-10-20 03:00:09,191 - INFO - Completed processing ...
2025-10-20 19:00:11,518 - INFO - Starting process
2025-10-20 19:00:11,707 - INFO - Completed processing ...
2025-10-20 21:30:11,219 - INFO - Starting process
2025-10-20 21:30:11,396 - INFO - Completed processing ...
2025-10-20 23:00:08,455 - INFO - Starting process
2025-10-20 23:00:08,623 - INFO - Completed processing ...
2025-10-21 01:30:11,197 - INFO - Starting process
2025-10-21 01:30:11,403 - INFO - Completed processing ...
2025-10-21 03:00:11,270 - INFO - Starting process
2025-10-21 03:00:11,404 - INFO - Completed processing ...
2025-10-21 04:55:31,291 - INFO - Starting process
2025-10-21 04:55:31,408 - INFO - Completed processing ...
2025-10-21 04:58:01,602 - INFO - Starting process
2025-10-21 04:58:01,734 - INFO - Completed processing ...
